Log file open, 06/02/17 20:31:25
LogInit:Display: Running engine for game: unrealEndlessRunner
LogPlatformFile: Not using cached read wrapper
LogInit:Display: RandInit(-223109502) SRandInit(-223109502).
LogTaskGraph: Started task graph with 5 named threads and 8 total threads with 1 sets of task threads.
LogStats: Stats thread started at 0.072290
LogInit: Using libcurl 7.47.1
LogInit:  - built for x86_64-pc-win32
LogInit:  - supports SSL with OpenSSL/1.0.2g
LogInit:  - supports HTTP deflate (compression) using libz 1.2.8
LogInit:  - other features:
LogInit:      CURL_VERSION_SSL
LogInit:      CURL_VERSION_LIBZ
LogInit:      CURL_VERSION_IPV6
LogInit:      CURL_VERSION_ASYNCHDNS
LogInit:      CURL_VERSION_LARGEFILE
LogInit:      CURL_VERSION_IDN
LogInit:  CurlRequestOptions (configurable via config and command line):
LogInit:  - bVerifyPeer = false  - Libcurl will NOT verify peer certificate
LogInit:  - bUseHttpProxy = false  - Libcurl will NOT use HTTP proxy
LogInit:  - bDontReuseConnections = false  - Libcurl will reuse connections
LogInit:  - CertBundlePath = nullptr  - Libcurl will use whatever was configured at build time.
LogInit: Build: ++UE4+Release-4.15-CL-3299760
LogInit: Engine Version: 4.15.0-3299760+++UE4+Release-4.15
LogInit: Compatible Engine Version: 4.15.0-3299760+++UE4+Release-4.15
LogInit: Net CL: 3299760
LogDevObjectVersion: Number of dev versions registered: 14
LogDevObjectVersion:   Dev-Blueprints (B0D832E4-1F89-4F0D-ACCF-7EB736FD4AA2): 8
LogDevObjectVersion:   Dev-Build (E1C64328-A22C-4D53-A36C-8E866417BD8C): 0
LogDevObjectVersion:   Dev-Core (375EC13C-06E4-48FB-B500-84F0262A717E): 2
LogDevObjectVersion:   Dev-Editor (E4B068ED-F494-42E9-A231-DA0B2E46BB41): 14
LogDevObjectVersion:   Dev-Framework (CFFC743F-43B0-4480-9391-14DF171D2073): 22
LogDevObjectVersion:   Dev-Mobile (B02B49B5-BB20-44E9-A304-32B752E40360): 0
LogDevObjectVersion:   Dev-Networking (A4E4105C-59A1-49B5-A7C5-40C4547EDFEE): 0
LogDevObjectVersion:   Dev-Online (39C831C9-5AE6-47DC-9A44-9C173E1C8E7C): 0
LogDevObjectVersion:   Dev-Physics (78F01B33-EBEA-4F98-B9B4-84EACCB95AA2): 0
LogDevObjectVersion:   Dev-Platform (6631380F-2D4D-43E0-8009-CF276956A95A): 0
LogDevObjectVersion:   Dev-Rendering (12F88B9F-8875-4AFC-A67C-D90C383ABD29): 12
LogDevObjectVersion:   Dev-Sequencer (7B5AE74C-D270-4C10-A958-57980B212A5A): 3
LogDevObjectVersion:   Dev-VR (D7296918-1DD6-4BDD-9DE2-64A83CC13884): 0
LogDevObjectVersion:   Dev-LoadTimes (C2A15278-BFE7-4AFE-6C17-90FF531DF755): 1
LogInit: Compiled (64-bit): Feb 14 2017 02:04:14
LogInit: Compiled with Visual C++: 19.00.23026.00
LogInit: Build Configuration: Development
LogInit: Branch Name: ++UE4+Release-4.15
LogInit: Command line:  
LogInit: Base directory: C:/Program Files/Epic Games/UE_4.15/Engine/Binaries/Win64/
LogInit: Installed Engine Build: 1
LogInit: Presizing for max 8388607 objects, including 0 objects not considered by GC, pre-allocating 0 bytes for permanent pool.
LogInit: Object subsystem initialized
[2017.06.02-11.31.26:060][  0]LogInit: Selected Device Profile: [Windows]
[2017.06.02-11.31.26:060][  0]LogInit: Applying CVar settings loaded from the selected device profile: [Windows]
[2017.06.02-11.31.26:070][  0]LogInit: Computer: G416-27
[2017.06.02-11.31.26:070][  0]LogInit: User: 400T6B
[2017.06.02-11.31.26:070][  0]LogInit: CPU Page size=65536, Cores=4
[2017.06.02-11.31.26:070][  0]LogInit: High frequency timer resolution =3.117190 MHz
[2017.06.02-11.31.26:070][  0]LogMemory: Memory total: Physical=8.0GB (8GB approx)
[2017.06.02-11.31.26:070][  0]LogMemory: Platform Memory Stats for Windows
[2017.06.02-11.31.26:070][  0]LogMemory: Process Physical Memory: 261.54 MB used, 261.54 MB peak
[2017.06.02-11.31.26:070][  0]LogMemory: Process Virtual Memory: 262.18 MB used, 262.18 MB peak
[2017.06.02-11.31.26:070][  0]LogMemory: Physical Memory: 2332.38 MB used,  5817.36 MB free, 8149.74 MB total
[2017.06.02-11.31.26:070][  0]LogMemory: Virtual Memory: 639.20 MB used,  5817.36 MB free, 134217728.00 MB total
[2017.06.02-11.31.26:128][  0]LogInit: Overriding culture en with editor configuration.
[2017.06.02-11.31.26:664][  0]LogD3D11RHI: D3D11 adapters:
[2017.06.02-11.31.26:688][  0]LogD3D11RHI:    0. 'NVIDIA GeForce GT 710' (Feature Level 11_0)
[2017.06.02-11.31.26:688][  0]LogD3D11RHI:       973/0/4074 MB DedicatedVideo/DedicatedSystem/SharedSystem, Outputs:1, VendorId:0x10de
[2017.06.02-11.31.26:689][  0]LogD3D11RHI:    1. 'Microsoft Basic Render Driver' (Feature Level 11_0)
[2017.06.02-11.31.26:689][  0]LogD3D11RHI:       0/0/4074 MB DedicatedVideo/DedicatedSystem/SharedSystem, Outputs:0, VendorId:0x1414
[2017.06.02-11.31.26:689][  0]LogD3D11RHI: Chosen D3D11 Adapter: 0
[2017.06.02-11.31.26:692][  0]LogD3D11RHI: Creating new Direct3DDevice
[2017.06.02-11.31.26:692][  0]LogD3D11RHI:     GPU DeviceId: 0x1289 (for the marketing name, search the web for "GPU Device Id")
[2017.06.02-11.31.26:693][  0]LogWindows: EnumDisplayDevices:
[2017.06.02-11.31.26:693][  0]LogWindows:    0. 'NVIDIA GeForce GT 710' (P:1 D:1)
[2017.06.02-11.31.26:693][  0]LogWindows:    1. 'NVIDIA GeForce GT 710' (P:0 D:0)
[2017.06.02-11.31.26:693][  0]LogWindows:    2. 'NVIDIA GeForce GT 710' (P:0 D:0)
[2017.06.02-11.31.26:693][  0]LogWindows: DebugString: FoundDriverCount:3 
[2017.06.02-11.31.26:693][  0]LogD3D11RHI:     Adapter Name: NVIDIA GeForce GT 710
[2017.06.02-11.31.26:693][  0]LogD3D11RHI:   Driver Version: 359.30 (internal:10.18.13.5930, unified:359.30)
[2017.06.02-11.31.26:693][  0]LogD3D11RHI:      Driver Date: 1-3-2016
[2017.06.02-11.31.26:693][  0]LogRHI: Texture pool is 681 MB (70% of 973 MB)
[2017.06.02-11.31.26:703][  0]LogD3D11RHI:Warning: Timestamp queries are currently disabled on this hardware due to instability. Realtime GPU stats will not be available. You can override this behaviour by setting r.NVIDIATimestampWorkaround to 0
[2017.06.02-11.31.26:703][  0]LogD3D11RHI: NvAPI_D3D_GetCurrentSLIState failed: 0xfffffff7
[2017.06.02-11.31.26:703][  0]LogD3D11RHI: Async texture creation enabled
[2017.06.02-11.31.26:718][  0]LogD3D11RHI: GPU Timing Frequency: 1000.000000 (Debug: 2 2)
[2017.06.02-11.31.26:719][  0]LogShaderCompilers: Guid format shader working directory is -4 characters bigger than the processId version (../../../../../../Users/400T6B/Desktop/fleeKaHJ/LHJ/Intermediate/Shaders/WorkingDirectory/6832/).
[2017.06.02-11.31.26:719][  0]LogShaderCompilers: Cleaned the shader compiler working directory 'C:/Users/400T6B/AppData/Local/Temp/UnrealShaderWorkingDir/6AB8F813485AB656F396DA9FC7B65C5A/'.
[2017.06.02-11.31.26:719][  0]LogShaderCompilers:Display: Using Local Shader Compiler.
[2017.06.02-11.31.27:587][  0]LogTemp:Display: Loaded TP AllDesktopTargetPlatform
[2017.06.02-11.31.27:625][  0]LogTemp:Display: Loaded TP MacClientTargetPlatform
[2017.06.02-11.31.27:666][  0]LogTemp:Display: Loaded TP MacNoEditorTargetPlatform
[2017.06.02-11.31.27:704][  0]LogTemp:Display: Loaded TP MacServerTargetPlatform
[2017.06.02-11.31.27:741][  0]LogTemp:Display: Loaded TP MacTargetPlatform
[2017.06.02-11.31.27:779][  0]LogTemp:Display: Loaded TP WindowsClientTargetPlatform
[2017.06.02-11.31.27:819][  0]LogTemp:Display: Loaded TP WindowsNoEditorTargetPlatform
[2017.06.02-11.31.27:857][  0]LogTemp:Display: Loaded TP WindowsServerTargetPlatform
[2017.06.02-11.31.27:887][  0]LogTemp:Display: Loaded TP WindowsTargetPlatform
[2017.06.02-11.31.27:924][  0]LogTemp:Display: Loaded TP AndroidTargetPlatform
[2017.06.02-11.31.27:962][  0]LogTemp:Display: Loaded TP Android_ASTCTargetPlatform
[2017.06.02-11.31.27:999][  0]LogTemp:Display: Loaded TP Android_ATCTargetPlatform
[2017.06.02-11.31.28:035][  0]LogTemp:Display: Loaded TP Android_DXTTargetPlatform
[2017.06.02-11.31.28:073][  0]LogTemp:Display: Loaded TP Android_ETC1TargetPlatform
[2017.06.02-11.31.28:111][  0]LogTemp:Display: Loaded TP Android_ETC2TargetPlatform
[2017.06.02-11.31.28:186][  0]LogTemp:Display: Loaded TP Android_MultiTargetPlatform
[2017.06.02-11.31.28:186][  0]LogTemp:Display: Loaded TP Android_PVRTCTargetPlatform
[2017.06.02-11.31.28:209][  0]LogTemp:Display: Loaded TP HTML5TargetPlatform
[2017.06.02-11.31.28:281][  0]LogTemp:Display: Loaded TP IOSTargetPlatform
[2017.06.02-11.31.28:307][  0]LogTemp:Display: Loaded TP TVOSTargetPlatform
[2017.06.02-11.31.28:344][  0]LogTemp:Display: Loaded TP LinuxClientTargetPlatform
[2017.06.02-11.31.28:381][  0]LogTemp:Display: Loaded TP LinuxNoEditorTargetPlatform
[2017.06.02-11.31.28:418][  0]LogTemp:Display: Loaded TP LinuxServerTargetPlatform
[2017.06.02-11.31.28:456][  0]LogTemp:Display: Loaded TP LinuxTargetPlatform
[2017.06.02-11.31.28:456][  0]LogTargetPlatformManager:Display: Building Assets For Windows
[2017.06.02-11.31.28:735][  0]LogDerivedDataCache:Display: Max Cache Size: 512 MB
[2017.06.02-11.31.28:789][  0]LogDerivedDataCache: Loaded boot cache 0.05s 50MB C:/Users/400T6B/AppData/Local/UnrealEngine/4.15/DerivedDataCache/Boot.ddc.
[2017.06.02-11.31.28:789][  0]LogDerivedDataCache:Display: Loaded Boot cache: C:/Users/400T6B/AppData/Local/UnrealEngine/4.15/DerivedDataCache/Boot.ddc
[2017.06.02-11.31.28:789][  0]LogDerivedDataCache: FDerivedDataBackendGraph:  Pak pak cache file ../../../../../../Users/400T6B/Desktop/fleeKaHJ/LHJ/DerivedDataCache/DDC.ddp not found, will not use a pak cache.
[2017.06.02-11.31.28:789][  0]LogDerivedDataCache: Unable to find inner node Pak for hierarchical cache Hierarchy.
[2017.06.02-11.31.28:789][  0]LogDerivedDataCache: FDerivedDataBackendGraph:  CompressedPak pak cache file ../../../../../../Users/400T6B/Desktop/fleeKaHJ/LHJ/DerivedDataCache/Compressed.ddp not found, will not use a pak cache.
[2017.06.02-11.31.28:789][  0]LogDerivedDataCache: Unable to find inner node CompressedPak for hierarchical cache Hierarchy.
[2017.06.02-11.31.28:806][  0]LogDerivedDataCache:Display: Pak cache opened for reading ../../../Engine/DerivedDataCache/Compressed.ddp.
[2017.06.02-11.31.28:817][  0]LogDerivedDataCache: Using Local data cache path C:/Users/400T6B/AppData/Local/UnrealEngine/Common/DerivedDataCache: Writable
[2017.06.02-11.31.28:825][  0]LogSlate: Using Freetype 2.6.0
[2017.06.02-11.31.28:828][  0]LogSlate: SlateFontCache - WITH_FREETYPE: 1, WITH_HARFBUZZ: 1
[2017.06.02-11.31.28:828][  0]LogSlate: SlateFontCache - WITH_FREETYPE: 1, WITH_HARFBUZZ: 1
[2017.06.02-11.31.29:027][  0]LogInit: Selected Device Profile: [Windows]
[2017.06.02-11.31.29:029][  0]LogContentStreaming: Texture pool size is 0.00 MB
[2017.06.02-11.31.29:180][  0]LogMeshUtilities: Using QuadricMeshReduction for automatic static mesh reduction
[2017.06.02-11.31.29:206][  0]LogSimplygon: Simplygon DLL not present - disabling.
[2017.06.02-11.31.29:234][  0]LogMeshUtilities: Using SimplygonSwarm for distributed automatic mesh merging
[2017.06.02-11.31.29:234][  0]LogMeshUtilities: No automatic skeletal mesh reduction module available
[2017.06.02-11.31.29:234][  0]LogMeshUtilities: No automatic mesh merging module available
[2017.06.02-11.31.29:678][  0]LogNetVersion: GetLocalNetworkVersion: CL: 3299760, ProjectName: unrealendlessrunner, ProjectVersion: , EngineNetworkVersion: 2, GameNetworkVersion: 0, NetworkChecksum: 677389359
[2017.06.02-11.31.29:715][  0]LogAssetRegistry: FAssetRegistry took 0.0211 seconds to start up
[2017.06.02-11.31.29:741][  0]LogPackageLocalizationCache: Processed 3 localized package path(s) for 1 prioritized culture(s) in 0.010477 seconds
[2017.06.02-11.31.29:746][  0]LogUObjectArray: 32475 objects as part of root set at end of initial load.
[2017.06.02-11.31.29:746][  0]LogUObjectAllocator: 7073360 out of 0 bytes used by permanent object pool.
[2017.06.02-11.31.29:746][  0]LogUObjectArray: CloseDisregardForGC: 0/0 objects in disregard for GC pool
[2017.06.02-11.31.29:786][  0]LogInit: WinSock: version 1.1 (2.2), MaxSocks=32767, MaxUdp=65467
[2017.06.02-11.31.30:998][  0]LogTcpMessaging: Initializing TcpMessaging bridge
[2017.06.02-11.31.31:026][  0]LogUdpMessaging: Initializing bridge on interface 0.0.0.0:0 to multicast group 230.0.0.1:6666.
[2017.06.02-11.31.31:333][  0]LogMaterial: Uniform references updated for custom material expression Custom.
[2017.06.02-11.31.31:582][  0]SourceControl: Info Source control is disabled
[2017.06.02-11.31.31:582][  0]SourceControl: Info Source control is disabled
[2017.06.02-11.31.31:611][  0]SourceControl: Info Source control is disabled
[2017.06.02-11.31.31:639][  0]SourceControl: Info Source control is disabled
[2017.06.02-11.31.32:422][  0]LogEngine: Initializing Engine...
[2017.06.02-11.31.32:422][  0]LogHMD: Failed to initialize OpenVR with code 110
[2017.06.02-11.31.32:595][  0]LogAIModule: Creating AISystem for world Untitled
[2017.06.02-11.31.32:599][  0]LogInit: No audio devices found!
[2017.06.02-11.31.32:626][  0]LogDerivedDataCache: Saved boot cache 0.03s 50MB C:/Users/400T6B/AppData/Local/UnrealEngine/4.15/DerivedDataCache/Boot.ddc.
[2017.06.02-11.31.32:636][  0]LogInit: Texture streaming: Enabled
[2017.06.02-11.31.32:695][  0]LogEngineSessionManager: EngineSessionManager initialized
[2017.06.02-11.31.32:749][  0]LogInit: Transaction tracking system initialized
[2017.06.02-11.31.33:018][  0]BlueprintLog: New page: Editor Load
[2017.06.02-11.31.33:552][  0]LocalizationService: Info Localization service is disabled
[2017.06.02-11.31.34:128][  0]LogConsoleResponse:Display: 
[2017.06.02-11.31.34:237][  0]LogCook:Display: Max memory allowance for cook 16384mb min free memory 0mb
[2017.06.02-11.31.34:237][  0]LogCook:Display: Mobile HDR setting 1
[2017.06.02-11.31.34:591][  0]LogFileCache: Scanning file cache for directory 'C:/Users/400T6B/Desktop/fleeKaHJ/LHJ/Content/' took 0.01s
[2017.06.02-11.31.34:867][  0]SourceControl: Info Source control is disabled
[2017.06.02-11.31.34:867][  0]Cmd: MAP LOAD FILE="../../../../../../Users/400T6B/Desktop/fleeKaHJ/LHJ/Content/ThirdPersonBP/Maps/ThirdPersonExampleMap.umap" TEMPLATE=0 SHOWPROGRESS=1 FEATURELEVEL=3
[2017.06.02-11.31.34:867][  0]LightingResults: New page: Lighting Build
[2017.06.02-11.31.34:892][  0]MapCheck: New page: Map Check
[2017.06.02-11.31.34:892][  0]LightingResults: New page: Lighting Build
[2017.06.02-11.31.35:265][  0]LogAIModule: Creating AISystem for world ThirdPersonExampleMap
[2017.06.02-11.31.35:275][  0]LogEditorServer: Finished looking for orphan Actors (0.000 secs)
[2017.06.02-11.31.35:275][  0]Cmd: MAP CHECKDEP NOCLEARLOG
[2017.06.02-11.31.35:301][  0]MapCheck: Info Map check complete: 0 Error(s), 0 Warning(s), took 25.566ms to complete.
[2017.06.02-11.31.35:301][  0]LogFileHelpers: Loading map 'ThirdPersonExampleMap' took 0.434
[2017.06.02-11.31.35:363][  0]LogWindowsTextInputMethodSystem:Display: IME system now activated using TSF (Microsoft 입력기).
[2017.06.02-11.31.35:506][  0]LogCollectionManager: Loaded 1 collections in 0.002002 seconds
[2017.06.02-11.31.35:569][  0]LogFileCache: Scanning file cache for directory 'C:/Users/400T6B/Desktop/fleeKaHJ/LHJ/Saved/Collections/' took 0.01s
[2017.06.02-11.31.35:569][  0]LogFileCache: Scanning file cache for directory 'C:/Users/400T6B/Desktop/fleeKaHJ/LHJ/Content/Developers/400T6B/Collections/' took 0.01s
[2017.06.02-11.31.35:569][  0]LogFileCache: Scanning file cache for directory 'C:/Users/400T6B/Desktop/fleeKaHJ/LHJ/Content/Collections/' took 0.01s
[2017.06.02-11.31.35:569][  0]LogCollectionManager: Rebuilt the GUID cache for 1 collections in 0.000003 seconds
[2017.06.02-11.31.35:569][  0]LogCollectionManager: Rebuilt the hierarchy cache for 1 collections in 0.000000 seconds
[2017.06.02-11.31.35:577][  0]LogContentBrowser: Native class hierarchy populated in 0.0077 seconds. Added 2244 classes and 450 folders.
[2017.06.02-11.31.35:580][  0]LogStats: UGameplayTagsManager::ConstructGameplayTagTree: Construct from data asset -  0.000 s
[2017.06.02-11.31.35:580][  0]LogStats: UGameplayTagsManager::ConstructGameplayTagTree: GameplayTagTreeChangedEvent.Broadcast -  0.000 s
[2017.06.02-11.31.35:620][  0]LogContentBrowser: Native class hierarchy updated for 'WidgetCarousel' in 0.0005 seconds. Added 0 classes and 0 folders.
[2017.06.02-11.31.35:646][  0]LogContentBrowser: Native class hierarchy updated for 'AddContentDialog' in 0.0004 seconds. Added 0 classes and 0 folders.
[2017.06.02-11.31.35:673][  0]LogContentBrowser: Native class hierarchy updated for 'SceneOutliner' in 0.0005 seconds. Added 1 classes and 2 folders.
[2017.06.02-11.31.35:711][  0]LogCrashTracker: Crashtracker disabled due to settings.
[2017.06.02-11.31.35:786][  0]LogContentBrowser: Native class hierarchy updated for 'HierarchicalLODOutliner' in 0.0009 seconds. Added 1 classes and 2 folders.
[2017.06.02-11.31.35:787][  0]LogLoad: (Engine Initialization) Total time: 11.16 seconds
[2017.06.02-11.31.35:787][  0]LogLoad: (Engine Initialization) Total Blueprint compile time: 0.13 seconds
[2017.06.02-11.31.35:787][  0]LogExternalProfiler: No external profilers were discovered.  External profiling features will not be available.
[2017.06.02-11.31.35:797][  0]LogOcInput: OculusInput pre-init called
[2017.06.02-11.31.35:838][  0]LogContentStreaming: Texture pool size now 400 MB
[2017.06.02-11.31.35:839][  0]LogSlate: Took 0.000176 seconds to synchronously load lazily loaded font '../../../Engine/Content/Slate/Fonts/Roboto-Regular.ttf' (155K)
[2017.06.02-11.31.35:842][  0]LogSlate: Took 0.000157 seconds to synchronously load lazily loaded font '../../../Engine/Content/Slate/Fonts/Roboto-Bold.ttf' (160K)
[2017.06.02-11.31.35:846][  0]LogSlate: Took 0.000161 seconds to synchronously load lazily loaded font '../../../Engine/Content/Editor/Slate/Fonts/FontAwesome.ttf' (139K)
[2017.06.02-11.31.36:010][  0]LogRenderer: Reallocating scene render targets to support 1208x576 NumSamples 1 (Frame:2).
[2017.06.02-11.31.36:054][  0]LogSlate: Took 0.000170 seconds to synchronously load lazily loaded font '../../../Engine/Content/Slate/Fonts/Roboto-Light.ttf' (159K)
[2017.06.02-11.31.36:123][  1]LogFileCache: Retrieving MD5 hashes for directory 'C:/Users/400T6B/Desktop/fleeKaHJ/LHJ/Content/' took 0.31s
[2017.06.02-11.31.36:136][  1]LogAssetRegistry: Asset discovery search completed in 6.4420 seconds
[2017.06.02-11.31.36:136][  1]LogCollectionManager: Rebuilt the object cache for 1 collections in 0.000018 seconds (found 0 objects)
[2017.06.02-11.31.36:136][  1]LogCollectionManager: Fixed up redirectors for 1 collections in 0.000035 seconds (updated 0 objects)
[2017.06.02-11.31.36:855][ 34]LogSlate: Took 0.000227 seconds to synchronously load lazily loaded font '../../../Engine/Content/Slate/Fonts/Roboto-Light.ttf' (159K)
[2017.06.02-11.31.39:586][209]LogSlate: Took 0.000142 seconds to synchronously load lazily loaded font '../../../Engine/Content/Slate/Fonts/Roboto-Light.ttf' (159K)
[2017.06.02-11.31.39:727][209]LogAIModule: Creating AISystem for world NewMap
[2017.06.02-11.31.39:751][209]Cmd: MAP LOAD FILE="../../../../../../Users/400T6B/Desktop/fleeKaHJ/LHJ/Content/Maps/NewMap.umap" TEMPLATE=0 SHOWPROGRESS=1 FEATURELEVEL=3
[2017.06.02-11.31.39:751][209]LightingResults: New page: Lighting Build
[2017.06.02-11.31.39:753][209]LoadErrors: New page: Loading map: NewMap.umap
[2017.06.02-11.31.39:753][209]MapCheck: New page: Map Check
[2017.06.02-11.31.39:753][209]LightingResults: New page: Lighting Build
[2017.06.02-11.31.39:766][209]LogEditorServer: Finished looking for orphan Actors (0.000 secs)
[2017.06.02-11.31.39:795][209]Cmd: MAP CHECKDEP NOCLEARLOG
[2017.06.02-11.31.39:823][209]MapCheck: Info Map check complete: 0 Error(s), 0 Warning(s), took 28.724ms to complete.
[2017.06.02-11.31.39:823][209]LogFileHelpers: Loading map 'NewMap' took 0.074
[2017.06.02-11.31.41:730][340]LogTemp: Repeting last play command: Selected Viewport
[2017.06.02-11.31.41:747][340]LogPlayLevel: PlayLevel: No blueprints needed recompiling
[2017.06.02-11.31.41:747][340]PIE: New page: PIE session: NewMap (Jun 3, 2017, 5:31:41 AM)
[2017.06.02-11.31.41:747][340]LogPlayLevel: Creating play world package: /Game/Maps/UEDPIE_0_NewMap
[2017.06.02-11.31.41:749][340]LogPlayLevel: PIE: StaticDuplicateObject took: (0.002442s)
[2017.06.02-11.31.41:750][340]LogAIModule: Creating AISystem for world NewMap
[2017.06.02-11.31.41:750][340]LogPlayLevel: PIE: World Init took: (0.000963s)
[2017.06.02-11.31.41:751][340]LogPlayLevel: PIE: Created PIE world by copying editor world from /Game/Maps/NewMap.NewMap to /Game/Maps/UEDPIE_0_NewMap.NewMap (0.003631s)
[2017.06.02-11.31.41:804][340]LogLoad: Game class is 'RunGameMode_C'
[2017.06.02-11.31.41:806][340]LogWorld: Bringing World /Game/Maps/UEDPIE_0_NewMap.NewMap up for play (max tick rate 0) at 2017.06.02-20.31.41
[2017.06.02-11.31.41:806][340]LogWorld: Bringing up level for play took: 0.000627
[2017.06.02-11.31.41:832][340]LogContentBrowser: Native class hierarchy updated for 'MovieSceneCapture' in 0.0005 seconds. Added 11 classes and 0 folders.
[2017.06.02-11.31.41:853][340]PIE: Info Play in editor start time for /Game/Maps/UEDPIE_0_NewMap 0.122
[2017.06.02-11.31.41:854][340]LogBlueprintUserMessages: [RunnerChar_C_0] 0.015036
[2017.06.02-11.31.41:885][341]LogBlueprintUserMessages: [RunnerChar_C_0] 0.168609
[2017.06.02-11.31.41:897][342]LogBlueprintUserMessages: [RunnerChar_C_0] 0.180846
[2017.06.02-11.31.41:947][343]LogBlueprintUserMessages: [RunnerChar_C_0] 0.230995
[2017.06.02-11.31.41:998][344]LogBlueprintUserMessages: [RunnerChar_C_0] 0.281821
[2017.06.02-11.31.42:049][345]LogBlueprintUserMessages: [RunnerChar_C_0] 0.332566
[2017.06.02-11.31.42:092][346]LogBlueprintUserMessages: [RunnerChar_C_0] 0.376084
[2017.06.02-11.31.42:133][347]LogBlueprintUserMessages: [RunnerChar_C_0] 0.417138
[2017.06.02-11.31.42:174][348]LogBlueprintUserMessages: [RunnerChar_C_0] 0.457731
[2017.06.02-11.31.42:215][349]LogBlueprintUserMessages: [RunnerChar_C_0] 0.499249
[2017.06.02-11.31.42:257][350]LogBlueprintUserMessages: [RunnerChar_C_0] 0.541067
[2017.06.02-11.31.42:298][351]LogBlueprintUserMessages: [RunnerChar_C_0] 0.582185
[2017.06.02-11.31.42:339][352]LogBlueprintUserMessages: [RunnerChar_C_0] 0.623033
[2017.06.02-11.31.42:380][353]LogBlueprintUserMessages: [RunnerChar_C_0] 0.66416
[2017.06.02-11.31.42:421][354]LogBlueprintUserMessages: [RunnerChar_C_0] 0.705655
[2017.06.02-11.31.42:463][355]LogBlueprintUserMessages: [RunnerChar_C_0] 0.747371
[2017.06.02-11.31.42:504][356]LogBlueprintUserMessages: [RunnerChar_C_0] 0.788327
[2017.06.02-11.31.42:547][357]LogBlueprintUserMessages: [RunnerChar_C_0] 0.830692
[2017.06.02-11.31.42:587][358]LogBlueprintUserMessages: [RunnerChar_C_0] 0.870618
[2017.06.02-11.31.42:628][359]LogBlueprintUserMessages: [RunnerChar_C_0] 0.912424
[2017.06.02-11.31.42:669][360]LogBlueprintUserMessages: [RunnerChar_C_0] 0.953122
[2017.06.02-11.31.42:710][361]LogBlueprintUserMessages: [RunnerChar_C_0] 0.99392
[2017.06.02-11.31.42:750][362]LogBlueprintUserMessages: [RunnerChar_C_0] 1.034168
[2017.06.02-11.31.42:791][363]LogBlueprintUserMessages: [RunnerChar_C_0] 1.075427
[2017.06.02-11.31.42:833][364]LogBlueprintUserMessages: [RunnerChar_C_0] 1.116814
[2017.06.02-11.31.42:874][365]LogBlueprintUserMessages: [RunnerChar_C_0] 1.157683
[2017.06.02-11.31.42:914][366]LogBlueprintUserMessages: [RunnerChar_C_0] 1.19866
[2017.06.02-11.31.42:957][367]LogBlueprintUserMessages: [RunnerChar_C_0] 1.240829
[2017.06.02-11.31.42:997][368]LogBlueprintUserMessages: [RunnerChar_C_0] 1.28129
[2017.06.02-11.31.43:038][369]LogBlueprintUserMessages: [RunnerChar_C_0] 1.322255
[2017.06.02-11.31.43:079][370]LogBlueprintUserMessages: [RunnerChar_C_0] 1.363723
[2017.06.02-11.31.43:121][371]LogBlueprintUserMessages: [RunnerChar_C_0] 1.404375
[2017.06.02-11.31.43:162][372]LogBlueprintUserMessages: [RunnerChar_C_0] 1.446008
[2017.06.02-11.31.43:203][373]LogBlueprintUserMessages: [RunnerChar_C_0] 1.487257
[2017.06.02-11.31.43:243][374]LogBlueprintUserMessages: [RunnerChar_C_0] 1.527275
[2017.06.02-11.31.43:283][375]LogBlueprintUserMessages: [RunnerChar_C_0] 1.566908
[2017.06.02-11.31.43:323][376]LogBlueprintUserMessages: [RunnerChar_C_0] 1.607687
[2017.06.02-11.31.43:365][377]LogBlueprintUserMessages: [RunnerChar_C_0] 1.649136
[2017.06.02-11.31.43:405][378]LogBlueprintUserMessages: [RunnerChar_C_0] 1.689696
[2017.06.02-11.31.43:449][379]LogBlueprintUserMessages: [RunnerChar_C_0] 1.730321
[2017.06.02-11.31.43:486][380]LogBlueprintUserMessages: [RunnerChar_C_0] 1.770297
[2017.06.02-11.31.43:530][381]LogBlueprintUserMessages: [RunnerChar_C_0] 1.811992
[2017.06.02-11.31.43:572][382]LogBlueprintUserMessages: [RunnerChar_C_0] 1.855799
[2017.06.02-11.31.43:615][383]LogBlueprintUserMessages: [RunnerChar_C_0] 1.898687
[2017.06.02-11.31.43:658][384]LogBlueprintUserMessages: [RunnerChar_C_0] 1.942123
[2017.06.02-11.31.43:700][385]LogBlueprintUserMessages: [RunnerChar_C_0] 1.983899
[2017.06.02-11.31.43:741][386]LogBlueprintUserMessages: [RunnerChar_C_0] 2.025621
[2017.06.02-11.31.43:783][387]LogBlueprintUserMessages: [RunnerChar_C_0] 2.067386
[2017.06.02-11.31.43:825][388]LogBlueprintUserMessages: [RunnerChar_C_0] 2.109476
[2017.06.02-11.31.43:867][389]LogBlueprintUserMessages: [RunnerChar_C_0] 2.151043
[2017.06.02-11.31.43:910][390]LogBlueprintUserMessages: [RunnerChar_C_0] 2.193653
[2017.06.02-11.31.43:952][391]LogBlueprintUserMessages: [RunnerChar_C_0] 2.235722
[2017.06.02-11.31.43:993][392]LogBlueprintUserMessages: [RunnerChar_C_0] 2.277565
[2017.06.02-11.31.44:035][393]LogBlueprintUserMessages: [RunnerChar_C_0] 2.319256
[2017.06.02-11.31.44:078][394]LogBlueprintUserMessages: [RunnerChar_C_0] 2.362624
[2017.06.02-11.31.44:120][395]LogBlueprintUserMessages: [RunnerChar_C_0] 2.403916
[2017.06.02-11.31.44:204][396]LogBlueprintUserMessages: [RunnerChar_C_0] 2.446606
[2017.06.02-11.31.44:212][397]LogBlueprintUserMessages: [RunnerChar_C_0] 2.496186
[2017.06.02-11.31.44:248][398]LogBlueprintUserMessages: [RunnerChar_C_0] 2.532303
[2017.06.02-11.31.44:291][399]LogBlueprintUserMessages: [RunnerChar_C_0] 2.575033
[2017.06.02-11.31.44:332][400]LogBlueprintUserMessages: [RunnerChar_C_0] 2.616585
[2017.06.02-11.31.44:375][401]LogBlueprintUserMessages: [RunnerChar_C_0] 2.658359
[2017.06.02-11.31.44:417][402]LogBlueprintUserMessages: [RunnerChar_C_0] 2.699884
[2017.06.02-11.31.44:458][403]LogBlueprintUserMessages: [RunnerChar_C_0] 2.74179
[2017.06.02-11.31.44:499][404]LogBlueprintUserMessages: [RunnerChar_C_0] 2.783066
[2017.06.02-11.31.44:582][405]LogBlueprintUserMessages: [RunnerChar_C_0] 2.824821
[2017.06.02-11.31.44:590][406]LogBlueprintUserMessages: [RunnerChar_C_0] 2.873571
[2017.06.02-11.31.44:624][407]LogBlueprintUserMessages: [RunnerChar_C_0] 2.908665
[2017.06.02-11.31.44:667][408]LogBlueprintUserMessages: [RunnerChar_C_0] 2.95076
[2017.06.02-11.31.44:708][409]LogBlueprintUserMessages: [RunnerChar_C_0] 2.9923
[2017.06.02-11.31.44:749][410]LogBlueprintUserMessages: [RunnerChar_C_0] 3.03325
[2017.06.02-11.31.44:799][411]LogBlueprintUserMessages: [RunnerChar_C_0] 3.082967
[2017.06.02-11.31.44:841][412]LogBlueprintUserMessages: [RunnerChar_C_0] 3.125151
[2017.06.02-11.31.44:882][413]LogBlueprintUserMessages: [RunnerChar_C_0] 3.166229
[2017.06.02-11.31.44:923][414]LogBlueprintUserMessages: [RunnerChar_C_0] 3.207164
[2017.06.02-11.31.44:964][415]LogBlueprintUserMessages: [RunnerChar_C_0] 3.24816
[2017.06.02-11.31.45:005][416]LogBlueprintUserMessages: [RunnerChar_C_0] 3.289472
[2017.06.02-11.31.45:047][417]LogBlueprintUserMessages: [RunnerChar_C_0] 3.331399
[2017.06.02-11.31.45:088][418]LogBlueprintUserMessages: [RunnerChar_C_0] 3.371735
[2017.06.02-11.31.45:129][419]LogBlueprintUserMessages: [RunnerChar_C_0] 3.412608
[2017.06.02-11.31.45:170][420]LogBlueprintUserMessages: [RunnerChar_C_0] 3.453444
[2017.06.02-11.31.45:212][421]LogBlueprintUserMessages: [RunnerChar_C_0] 3.496455
[2017.06.02-11.31.45:253][422]LogBlueprintUserMessages: [RunnerChar_C_0] 3.536969
[2017.06.02-11.31.45:294][423]LogBlueprintUserMessages: [RunnerChar_C_0] 3.578489
[2017.06.02-11.31.45:336][424]LogBlueprintUserMessages: [RunnerChar_C_0] 3.61981
[2017.06.02-11.31.45:380][425]LogBlueprintUserMessages: [RunnerChar_C_0] 3.661738
[2017.06.02-11.31.45:462][426]LogBlueprintUserMessages: [RunnerChar_C_0] 3.702568
[2017.06.02-11.31.45:479][427]LogBlueprintUserMessages: [RunnerChar_C_0] 3.762216
[2017.06.02-11.31.45:506][428]LogBlueprintUserMessages: [RunnerChar_C_0] 3.789927
[2017.06.02-11.31.45:548][429]LogBlueprintUserMessages: [RunnerChar_C_0] 3.832394
[2017.06.02-11.31.45:590][430]LogBlueprintUserMessages: [RunnerChar_C_0] 3.87448
[2017.06.02-11.31.45:631][431]LogBlueprintUserMessages: [RunnerChar_C_0] 3.915246
[2017.06.02-11.31.45:673][432]LogBlueprintUserMessages: [RunnerChar_C_0] 3.956872
[2017.06.02-11.31.45:714][433]LogBlueprintUserMessages: [RunnerChar_C_0] 3.998489
[2017.06.02-11.31.45:756][434]LogBlueprintUserMessages: [RunnerChar_C_0] 4.04026
[2017.06.02-11.31.45:798][435]LogBlueprintUserMessages: [RunnerChar_C_0] 4.081736
[2017.06.02-11.31.45:839][436]LogBlueprintUserMessages: [RunnerChar_C_0] 4.123633
[2017.06.02-11.31.45:881][437]LogBlueprintUserMessages: [RunnerChar_C_0] 4.16551
[2017.06.02-11.31.45:923][438]LogBlueprintUserMessages: [RunnerChar_C_0] 4.207125
[2017.06.02-11.31.45:964][439]LogBlueprintUserMessages: [RunnerChar_C_0] 4.248196
[2017.06.02-11.31.46:006][440]LogBlueprintUserMessages: [RunnerChar_C_0] 4.290201
[2017.06.02-11.31.46:089][441]LogBlueprintUserMessages: [RunnerChar_C_0] 4.331523
[2017.06.02-11.31.46:097][442]LogBlueprintUserMessages: [RunnerChar_C_0] 4.380639
[2017.06.02-11.31.46:131][443]LogBlueprintUserMessages: [RunnerChar_C_0] 4.41495
[2017.06.02-11.31.46:173][444]LogBlueprintUserMessages: [RunnerChar_C_0] 4.457514
[2017.06.02-11.31.46:215][445]LogBlueprintUserMessages: [RunnerChar_C_0] 4.4985
[2017.06.02-11.31.46:256][446]LogBlueprintUserMessages: [RunnerChar_C_0] 4.539775
[2017.06.02-11.31.46:297][447]LogBlueprintUserMessages: [RunnerChar_C_0] 4.580869
[2017.06.02-11.31.46:338][448]LogBlueprintUserMessages: [RunnerChar_C_0] 4.622439
[2017.06.02-11.31.46:379][449]LogBlueprintUserMessages: [RunnerChar_C_0] 4.663208
[2017.06.02-11.31.46:419][450]LogBlueprintUserMessages: [RunnerChar_C_0] 4.703365
[2017.06.02-11.31.46:460][451]LogBlueprintUserMessages: [RunnerChar_C_0] 4.744591
[2017.06.02-11.31.46:502][452]LogBlueprintUserMessages: [RunnerChar_C_0] 4.785811
[2017.06.02-11.31.46:541][453]LogBlueprintUserMessages: [RunnerChar_C_0] 4.825536
[2017.06.02-11.31.46:582][454]LogBlueprintUserMessages: [RunnerChar_C_0] 4.866295
[2017.06.02-11.31.46:623][455]LogBlueprintUserMessages: [RunnerChar_C_0] 4.907769
[2017.06.02-11.31.46:706][456]LogBlueprintUserMessages: [RunnerChar_C_0] 4.948748
[2017.06.02-11.31.46:714][457]LogBlueprintUserMessages: [RunnerChar_C_0] 4.997453
[2017.06.02-11.31.46:747][458]LogBlueprintUserMessages: [RunnerChar_C_0] 5.031543
[2017.06.02-11.31.46:790][459]LogBlueprintUserMessages: [RunnerChar_C_0] 5.073623
[2017.06.02-11.31.46:831][460]LogBlueprintUserMessages: [RunnerChar_C_0] 5.115557
[2017.06.02-11.31.46:874][461]LogBlueprintUserMessages: [RunnerChar_C_0] 5.158213
[2017.06.02-11.31.46:956][462]LogBlueprintUserMessages: [RunnerChar_C_0] 5.199406
[2017.06.02-11.31.46:964][463]LogBlueprintUserMessages: [RunnerChar_C_0] 5.248082
[2017.06.02-11.31.46:999][464]LogBlueprintUserMessages: [RunnerChar_C_0] 5.283764
[2017.06.02-11.31.47:045][465]LogBlueprintUserMessages: [RunnerChar_C_0] 5.328632
[2017.06.02-11.31.47:084][466]LogBlueprintUserMessages: [RunnerChar_C_0] 5.367982
[2017.06.02-11.31.47:127][467]LogBlueprintUserMessages: [RunnerChar_C_0] 5.410769
[2017.06.02-11.31.47:167][468]LogBlueprintUserMessages: [RunnerChar_C_0] 5.451055
[2017.06.02-11.31.47:208][469]LogBlueprintUserMessages: [RunnerChar_C_0] 5.492421
[2017.06.02-11.31.47:248][470]LogBlueprintUserMessages: [RunnerChar_C_0] 5.531687
[2017.06.02-11.31.47:290][471]LogBlueprintUserMessages: [RunnerChar_C_0] 5.574224
[2017.06.02-11.31.47:331][472]LogBlueprintUserMessages: [RunnerChar_C_0] 5.61498
[2017.06.02-11.31.47:375][473]LogBlueprintUserMessages: [RunnerChar_C_0] 5.656863
[2017.06.02-11.31.47:428][474]LogBlueprintUserMessages: [RunnerChar_C_0] 5.711526
[2017.06.02-11.31.47:457][475]LogBlueprintUserMessages: [RunnerChar_C_0] 5.74081
[2017.06.02-11.31.47:497][476]LogBlueprintUserMessages: [RunnerChar_C_0] 5.781217
[2017.06.02-11.31.47:541][477]LogBlueprintUserMessages: [RunnerChar_C_0] 5.825068
[2017.06.02-11.31.47:582][478]LogBlueprintUserMessages: [RunnerChar_C_0] 5.866241
[2017.06.02-11.31.47:666][479]LogBlueprintUserMessages: [RunnerChar_C_0] 5.909793
[2017.06.02-11.31.47:674][480]LogBlueprintUserMessages: [RunnerChar_C_0] 5.957701
[2017.06.02-11.31.47:711][481]LogBlueprintUserMessages: [RunnerChar_C_0] 5.995045
[2017.06.02-11.31.47:752][482]LogBlueprintUserMessages: [RunnerChar_C_0] 6.036247
[2017.06.02-11.31.47:796][483]LogBlueprintUserMessages: [RunnerChar_C_0] 6.080161
[2017.06.02-11.31.47:839][484]LogBlueprintUserMessages: [RunnerChar_C_0] 6.123667
[2017.06.02-11.31.47:881][485]LogBlueprintUserMessages: [RunnerChar_C_0] 6.16535
[2017.06.02-11.31.47:924][486]LogBlueprintUserMessages: [RunnerChar_C_0] 6.208195
[2017.06.02-11.31.47:965][487]LogBlueprintUserMessages: [RunnerChar_C_0] 6.249379
[2017.06.02-11.31.48:008][488]LogBlueprintUserMessages: [RunnerChar_C_0] 6.291953
[2017.06.02-11.31.48:049][489]LogBlueprintUserMessages: [RunnerChar_C_0] 6.333447
[2017.06.02-11.31.48:092][490]LogBlueprintUserMessages: [RunnerChar_C_0] 6.376132
[2017.06.02-11.31.48:173][491]LogBlueprintUserMessages: [RunnerChar_C_0] 6.416608
[2017.06.02-11.31.48:214][492]LogBlueprintUserMessages: [RunnerChar_C_0] 6.46484
[2017.06.02-11.31.48:222][493]LogBlueprintUserMessages: [RunnerChar_C_0] 6.506005
[2017.06.02-11.31.48:259][494]LogBlueprintUserMessages: [RunnerChar_C_0] 6.542905
[2017.06.02-11.31.48:300][495]LogBlueprintUserMessages: [RunnerChar_C_0] 6.583836
[2017.06.02-11.31.48:342][496]LogBlueprintUserMessages: [RunnerChar_C_0] 6.626006
[2017.06.02-11.31.48:382][497]LogBlueprintUserMessages: [RunnerChar_C_0] 6.66602
[2017.06.02-11.31.48:424][498]LogBlueprintUserMessages: [RunnerChar_C_0] 6.708048
[2017.06.02-11.31.48:463][499]LogBlueprintUserMessages: [RunnerChar_C_0] 6.747584
[2017.06.02-11.31.48:506][500]LogBlueprintUserMessages: [RunnerChar_C_0] 6.79036
[2017.06.02-11.31.48:547][501]LogBlueprintUserMessages: [RunnerChar_C_0] 6.830697
[2017.06.02-11.31.48:589][502]LogBlueprintUserMessages: [RunnerChar_C_0] 6.872684
[2017.06.02-11.31.48:630][503]LogBlueprintUserMessages: [RunnerChar_C_0] 6.913706
[2017.06.02-11.31.48:671][504]LogBlueprintUserMessages: [RunnerChar_C_0] 6.955352
[2017.06.02-11.31.48:711][505]LogBlueprintUserMessages: [RunnerChar_C_0] 6.995718
[2017.06.02-11.31.48:753][506]LogBlueprintUserMessages: [RunnerChar_C_0] 7.037471
[2017.06.02-11.31.48:794][507]LogBlueprintUserMessages: [RunnerChar_C_0] 7.077594
[2017.06.02-11.31.48:834][508]LogBlueprintUserMessages: [RunnerChar_C_0] 7.117926
[2017.06.02-11.31.48:874][509]LogBlueprintUserMessages: [RunnerChar_C_0] 7.157609
[2017.06.02-11.31.48:922][510]LogBlueprintUserMessages: [RunnerChar_C_0] 7.205723
[2017.06.02-11.31.48:952][511]LogBlueprintUserMessages: [RunnerChar_C_0] 7.236032
[2017.06.02-11.31.48:990][512]LogBlueprintUserMessages: [RunnerChar_C_0] 7.274254
[2017.06.02-11.31.49:032][513]LogBlueprintUserMessages: [RunnerChar_C_0] 7.313637
[2017.06.02-11.31.49:069][514]LogBlueprintUserMessages: [RunnerChar_C_0] 7.35269
[2017.06.02-11.31.49:109][515]LogBlueprintUserMessages: [RunnerChar_C_0] 7.392746
[2017.06.02-11.31.49:149][516]LogBlueprintUserMessages: [RunnerChar_C_0] 7.43322
[2017.06.02-11.31.49:190][517]LogBlueprintUserMessages: [RunnerChar_C_0] 7.47433
[2017.06.02-11.31.49:231][518]LogBlueprintUserMessages: [RunnerChar_C_0] 7.5155
[2017.06.02-11.31.49:273][519]LogBlueprintUserMessages: [RunnerChar_C_0] 7.557114
[2017.06.02-11.31.49:314][520]LogBlueprintUserMessages: [RunnerChar_C_0] 7.597788
[2017.06.02-11.31.49:355][521]LogBlueprintUserMessages: [RunnerChar_C_0] 7.639498
[2017.06.02-11.31.49:439][522]LogBlueprintUserMessages: [RunnerChar_C_0] 7.687266
[2017.06.02-11.31.49:447][523]LogBlueprintUserMessages: [RunnerChar_C_0] 7.731066
[2017.06.02-11.31.49:481][524]LogBlueprintUserMessages: [RunnerChar_C_0] 7.764768
[2017.06.02-11.31.49:519][525]LogBlueprintUserMessages: [RunnerChar_C_0] 7.803036
[2017.06.02-11.31.49:560][526]LogBlueprintUserMessages: [RunnerChar_C_0] 7.844099
[2017.06.02-11.31.49:600][527]LogBlueprintUserMessages: [RunnerChar_C_0] 7.884485
[2017.06.02-11.31.49:641][528]LogBlueprintUserMessages: [RunnerChar_C_0] 7.925182
[2017.06.02-11.31.49:680][529]LogBlueprintUserMessages: [RunnerChar_C_0] 7.964226
[2017.06.02-11.31.49:720][530]LogBlueprintUserMessages: [RunnerChar_C_0] 8.004352
[2017.06.02-11.31.49:760][531]LogBlueprintUserMessages: [RunnerChar_C_0] 8.044709
[2017.06.02-11.31.49:800][532]LogBlueprintUserMessages: [RunnerChar_C_0] 8.084019
[2017.06.02-11.31.49:839][533]LogBlueprintUserMessages: [RunnerChar_C_0] 8.123417
[2017.06.02-11.31.49:879][534]LogBlueprintUserMessages: [RunnerChar_C_0] 8.162737
[2017.06.02-11.31.49:918][535]LogBlueprintUserMessages: [RunnerChar_C_0] 8.201915
[2017.06.02-11.31.49:958][536]LogBlueprintUserMessages: [RunnerChar_C_0] 8.241645
[2017.06.02-11.31.49:997][537]LogBlueprintUserMessages: [RunnerChar_C_0] 8.281032
[2017.06.02-11.31.50:036][538]LogBlueprintUserMessages: [RunnerChar_C_0] 8.320168
[2017.06.02-11.31.50:076][539]LogBlueprintUserMessages: [RunnerChar_C_0] 8.35985
[2017.06.02-11.31.50:114][540]LogBlueprintUserMessages: [RunnerChar_C_0] 8.397865
[2017.06.02-11.31.50:152][541]LogBlueprintUserMessages: [RunnerChar_C_0] 8.436467
[2017.06.02-11.31.50:193][542]LogBlueprintUserMessages: [RunnerChar_C_0] 8.476826
[2017.06.02-11.31.50:233][543]LogBlueprintUserMessages: [RunnerChar_C_0] 8.516696
[2017.06.02-11.31.50:273][544]LogBlueprintUserMessages: [RunnerChar_C_0] 8.556719
[2017.06.02-11.31.50:313][545]LogBlueprintUserMessages: [RunnerChar_C_0] 8.597072
[2017.06.02-11.31.50:353][546]LogBlueprintUserMessages: [RunnerChar_C_0] 8.63705
[2017.06.02-11.31.50:394][547]LogBlueprintUserMessages: [RunnerChar_C_0] 8.677781
[2017.06.02-11.31.50:434][548]LogBlueprintUserMessages: [RunnerChar_C_0] 8.718293
[2017.06.02-11.31.50:474][549]LogBlueprintUserMessages: [RunnerChar_C_0] 8.757824
[2017.06.02-11.31.50:514][550]LogBlueprintUserMessages: [RunnerChar_C_0] 8.798396
[2017.06.02-11.31.50:554][551]LogBlueprintUserMessages: [RunnerChar_C_0] 8.83817
[2017.06.02-11.31.50:595][552]LogBlueprintUserMessages: [RunnerChar_C_0] 8.87886
[2017.06.02-11.31.50:675][553]LogBlueprintUserMessages: [RunnerChar_C_0] 8.91934
[2017.06.02-11.31.50:683][554]LogBlueprintUserMessages: [RunnerChar_C_0] 8.966983
[2017.06.02-11.31.50:715][555]LogBlueprintUserMessages: [RunnerChar_C_0] 8.999582
[2017.06.02-11.31.50:755][556]LogBlueprintUserMessages: [RunnerChar_C_0] 9.039025
[2017.06.02-11.31.50:795][557]LogBlueprintUserMessages: [RunnerChar_C_0] 9.078991
[2017.06.02-11.31.50:834][558]LogBlueprintUserMessages: [RunnerChar_C_0] 9.118274
[2017.06.02-11.31.50:876][559]LogBlueprintUserMessages: [RunnerChar_C_0] 9.157729
[2017.06.02-11.31.50:913][560]LogBlueprintUserMessages: [RunnerChar_C_0] 9.197374
[2017.06.02-11.31.50:953][561]LogBlueprintUserMessages: [RunnerChar_C_0] 9.237067
[2017.06.02-11.31.50:995][562]LogBlueprintUserMessages: [RunnerChar_C_0] 9.279123
[2017.06.02-11.31.51:078][563]LogBlueprintUserMessages: [RunnerChar_C_0] 9.327471
[2017.06.02-11.31.51:087][564]LogBlueprintUserMessages: [RunnerChar_C_0] 9.370774
[2017.06.02-11.31.51:120][565]LogBlueprintUserMessages: [RunnerChar_C_0] 9.404127
[2017.06.02-11.31.51:161][566]LogBlueprintUserMessages: [RunnerChar_C_0] 9.444707
[2017.06.02-11.31.51:200][567]LogBlueprintUserMessages: [RunnerChar_C_0] 9.484302
[2017.06.02-11.31.51:240][568]LogBlueprintUserMessages: [RunnerChar_C_0] 9.524604
[2017.06.02-11.31.51:280][569]LogBlueprintUserMessages: [RunnerChar_C_0] 9.564752
[2017.06.02-11.31.51:321][570]LogBlueprintUserMessages: [RunnerChar_C_0] 9.605384
[2017.06.02-11.31.51:362][571]LogBlueprintUserMessages: [RunnerChar_C_0] 9.646197
[2017.06.02-11.31.51:403][572]LogBlueprintUserMessages: [RunnerChar_C_0] 9.686753
[2017.06.02-11.31.51:441][573]LogBlueprintUserMessages: [RunnerChar_C_0] 9.725375
[2017.06.02-11.31.51:480][574]LogBlueprintUserMessages: [RunnerChar_C_0] 9.764763
[2017.06.02-11.31.51:521][575]LogBlueprintUserMessages: [RunnerChar_C_0] 9.804563
[2017.06.02-11.31.51:561][576]LogBlueprintUserMessages: [RunnerChar_C_0] 9.84481
[2017.06.02-11.31.51:601][577]LogBlueprintUserMessages: [RunnerChar_C_0] 9.885296
[2017.06.02-11.31.51:641][578]LogBlueprintUserMessages: [RunnerChar_C_0] 9.925014
[2017.06.02-11.31.51:681][579]LogBlueprintUserMessages: [RunnerChar_C_0] 9.965602
[2017.06.02-11.31.51:721][580]LogBlueprintUserMessages: [RunnerChar_C_0] 10.005217
[2017.06.02-11.31.51:761][581]LogBlueprintUserMessages: [RunnerChar_C_0] 10.045551
[2017.06.02-11.31.51:844][582]LogBlueprintUserMessages: [RunnerChar_C_0] 10.086379
[2017.06.02-11.31.51:852][583]LogBlueprintUserMessages: [RunnerChar_C_0] 10.135935
[2017.06.02-11.31.51:883][584]LogBlueprintUserMessages: [RunnerChar_C_0] 10.167081
[2017.06.02-11.31.51:923][585]LogBlueprintUserMessages: [RunnerChar_C_0] 10.207419
[2017.06.02-11.31.51:963][586]LogBlueprintUserMessages: [RunnerChar_C_0] 10.247355
[2017.06.02-11.31.52:004][587]LogBlueprintUserMessages: [RunnerChar_C_0] 10.28777
[2017.06.02-11.31.52:044][588]LogBlueprintUserMessages: [RunnerChar_C_0] 10.328231
[2017.06.02-11.31.52:084][589]LogBlueprintUserMessages: [RunnerChar_C_0] 10.368222
[2017.06.02-11.31.52:124][590]LogBlueprintUserMessages: [RunnerChar_C_0] 10.407549
[2017.06.02-11.31.52:163][591]LogBlueprintUserMessages: [RunnerChar_C_0] 10.447419
[2017.06.02-11.31.52:204][592]LogBlueprintUserMessages: [RunnerChar_C_0] 10.487885
[2017.06.02-11.31.52:244][593]LogBlueprintUserMessages: [RunnerChar_C_0] 10.528536
[2017.06.02-11.31.52:285][594]LogBlueprintUserMessages: [RunnerChar_C_0] 10.568754
[2017.06.02-11.31.52:363][595]LogBlueprintUserMessages: [RunnerChar_C_0] 10.6083
[2017.06.02-11.31.52:371][596]LogBlueprintUserMessages: [RunnerChar_C_0] 10.655036
[2017.06.02-11.31.52:405][597]LogBlueprintUserMessages: [RunnerChar_C_0] 10.689063
[2017.06.02-11.31.52:443][598]LogBlueprintUserMessages: [RunnerChar_C_0] 10.7277
[2017.06.02-11.31.52:482][599]LogBlueprintUserMessages: [RunnerChar_C_0] 10.766518
[2017.06.02-11.31.52:522][600]LogBlueprintUserMessages: [RunnerChar_C_0] 10.80593
[2017.06.02-11.31.52:562][601]LogBlueprintUserMessages: [RunnerChar_C_0] 10.845585
[2017.06.02-11.31.52:600][602]LogBlueprintUserMessages: [RunnerChar_C_0] 10.884003
[2017.06.02-11.31.52:639][603]LogBlueprintUserMessages: [RunnerChar_C_0] 10.923422
[2017.06.02-11.31.52:679][604]LogBlueprintUserMessages: [RunnerChar_C_0] 10.962946
[2017.06.02-11.31.52:719][605]LogBlueprintUserMessages: [RunnerChar_C_0] 11.002778
[2017.06.02-11.31.52:758][606]LogBlueprintUserMessages: [RunnerChar_C_0] 11.041883
[2017.06.02-11.31.52:797][607]LogBlueprintUserMessages: [RunnerChar_C_0] 11.080975
[2017.06.02-11.31.52:839][608]LogBlueprintUserMessages: [RunnerChar_C_0] 11.120651
[2017.06.02-11.31.52:888][609]LogBlueprintUserMessages: [RunnerChar_C_0] 11.17169
[2017.06.02-11.31.52:916][610]LogBlueprintUserMessages: [RunnerChar_C_0] 11.200374
[2017.06.02-11.31.52:956][611]LogBlueprintUserMessages: [RunnerChar_C_0] 11.240768
[2017.06.02-11.31.52:997][612]LogBlueprintUserMessages: [RunnerChar_C_0] 11.281253
[2017.06.02-11.31.53:038][613]LogBlueprintUserMessages: [RunnerChar_C_0] 11.322418
[2017.06.02-11.31.53:080][614]LogBlueprintUserMessages: [RunnerChar_C_0] 11.363733
[2017.06.02-11.31.53:121][615]LogBlueprintUserMessages: [RunnerChar_C_0] 11.405447
[2017.06.02-11.31.53:162][616]LogBlueprintUserMessages: [RunnerChar_C_0] 11.44658
[2017.06.02-11.31.53:203][617]LogBlueprintUserMessages: [RunnerChar_C_0] 11.486506
[2017.06.02-11.31.53:244][618]LogBlueprintUserMessages: [RunnerChar_C_0] 11.527633
[2017.06.02-11.31.53:324][619]LogBlueprintUserMessages: [RunnerChar_C_0] 11.567855
[2017.06.02-11.31.53:332][620]LogBlueprintUserMessages: [RunnerChar_C_0] 11.615979
[2017.06.02-11.31.53:366][621]LogBlueprintUserMessages: [RunnerChar_C_0] 11.650612
[2017.06.02-11.31.53:406][622]LogBlueprintUserMessages: [RunnerChar_C_0] 11.690216
[2017.06.02-11.31.53:447][623]LogBlueprintUserMessages: [RunnerChar_C_0] 11.730773
[2017.06.02-11.31.53:487][624]LogBlueprintUserMessages: [RunnerChar_C_0] 11.771413
[2017.06.02-11.31.53:528][625]LogBlueprintUserMessages: [RunnerChar_C_0] 11.812247
[2017.06.02-11.31.53:568][626]LogBlueprintUserMessages: [RunnerChar_C_0] 11.85242
[2017.06.02-11.31.53:610][627]LogBlueprintUserMessages: [RunnerChar_C_0] 11.893722
[2017.06.02-11.31.53:649][628]LogBlueprintUserMessages: [RunnerChar_C_0] 11.932979
[2017.06.02-11.31.53:690][629]LogBlueprintUserMessages: [RunnerChar_C_0] 11.973989
[2017.06.02-11.31.53:730][630]LogBlueprintUserMessages: [RunnerChar_C_0] 12.014441
[2017.06.02-11.31.53:772][631]LogBlueprintUserMessages: [RunnerChar_C_0] 12.055511
[2017.06.02-11.31.53:812][632]LogBlueprintUserMessages: [RunnerChar_C_0] 12.096383
[2017.06.02-11.31.53:853][633]LogBlueprintUserMessages: [RunnerChar_C_0] 12.136852
[2017.06.02-11.31.53:894][634]LogBlueprintUserMessages: [RunnerChar_C_0] 12.177855
[2017.06.02-11.31.53:934][635]LogBlueprintUserMessages: [RunnerChar_C_0] 12.218591
[2017.06.02-11.31.53:975][636]LogBlueprintUserMessages: [RunnerChar_C_0] 12.259185
[2017.06.02-11.31.54:014][637]LogBlueprintUserMessages: [RunnerChar_C_0] 12.298233
[2017.06.02-11.31.54:055][638]LogBlueprintUserMessages: [RunnerChar_C_0] 12.339307
[2017.06.02-11.31.54:096][639]LogBlueprintUserMessages: [RunnerChar_C_0] 12.379952
[2017.06.02-11.31.54:136][640]LogBlueprintUserMessages: [RunnerChar_C_0] 12.420765
[2017.06.02-11.31.54:178][641]LogBlueprintUserMessages: [RunnerChar_C_0] 12.461733
[2017.06.02-11.31.54:218][642]LogBlueprintUserMessages: [RunnerChar_C_0] 12.502071
[2017.06.02-11.31.54:259][643]LogBlueprintUserMessages: [RunnerChar_C_0] 12.543516
[2017.06.02-11.31.54:299][644]LogBlueprintUserMessages: [RunnerChar_C_0] 12.582903
[2017.06.02-11.31.54:340][645]LogBlueprintUserMessages: [RunnerChar_C_0] 12.623765
[2017.06.02-11.31.54:380][646]LogBlueprintUserMessages: [RunnerChar_C_0] 12.664248
[2017.06.02-11.31.54:421][647]LogBlueprintUserMessages: [RunnerChar_C_0] 12.705284
[2017.06.02-11.31.54:462][648]LogBlueprintUserMessages: [RunnerChar_C_0] 12.746095
[2017.06.02-11.31.54:505][649]LogBlueprintUserMessages: [RunnerChar_C_0] 12.787088
[2017.06.02-11.31.54:543][650]LogBlueprintUserMessages: [RunnerChar_C_0] 12.827135
[2017.06.02-11.31.54:583][651]LogBlueprintUserMessages: [RunnerChar_C_0] 12.86718
[2017.06.02-11.31.54:626][652]LogBlueprintUserMessages: [RunnerChar_C_0] 12.909673
[2017.06.02-11.31.54:668][653]LogBlueprintUserMessages: [RunnerChar_C_0] 12.952264
[2017.06.02-11.31.54:712][654]LogBlueprintUserMessages: [RunnerChar_C_0] 12.995672
[2017.06.02-11.31.54:755][655]LogBlueprintUserMessages: [RunnerChar_C_0] 13.038553
[2017.06.02-11.31.54:798][656]LogBlueprintUserMessages: [RunnerChar_C_0] 13.081779
[2017.06.02-11.31.54:847][657]LogBlueprintUserMessages: [RunnerChar_C_0] 13.130919
[2017.06.02-11.31.54:882][658]LogBlueprintUserMessages: [RunnerChar_C_0] 13.166534
[2017.06.02-11.31.54:966][659]LogBlueprintUserMessages: [RunnerChar_C_0] 13.208376
[2017.06.02-11.31.54:973][660]LogBlueprintUserMessages: [RunnerChar_C_0] 13.257072
[2017.06.02-11.31.55:009][661]LogBlueprintUserMessages: [RunnerChar_C_0] 13.29287
[2017.06.02-11.31.55:090][662]LogBlueprintUserMessages: [RunnerChar_C_0] 13.332832
[2017.06.02-11.31.55:098][663]LogBlueprintUserMessages: [RunnerChar_C_0] 13.381494
[2017.06.02-11.31.55:133][664]LogBlueprintUserMessages: [RunnerChar_C_0] 13.416849
[2017.06.02-11.31.55:173][665]LogBlueprintUserMessages: [RunnerChar_C_0] 13.457019
[2017.06.02-11.31.55:213][666]LogBlueprintUserMessages: [RunnerChar_C_0] 13.497732
[2017.06.02-11.31.55:255][667]LogBlueprintUserMessages: [RunnerChar_C_0] 13.53931
[2017.06.02-11.31.55:297][668]LogBlueprintUserMessages: [RunnerChar_C_0] 13.580566
[2017.06.02-11.31.55:338][669]LogBlueprintUserMessages: [RunnerChar_C_0] 13.621888
[2017.06.02-11.31.55:379][670]LogBlueprintUserMessages: [RunnerChar_C_0] 13.662988
[2017.06.02-11.31.55:420][671]LogBlueprintUserMessages: [RunnerChar_C_0] 13.704418
[2017.06.02-11.31.55:462][672]LogBlueprintUserMessages: [RunnerChar_C_0] 13.745695
[2017.06.02-11.31.55:503][673]LogBlueprintUserMessages: [RunnerChar_C_0] 13.786638
[2017.06.02-11.31.55:544][674]LogBlueprintUserMessages: [RunnerChar_C_0] 13.828343
[2017.06.02-11.31.55:586][675]LogBlueprintUserMessages: [RunnerChar_C_0] 13.870497
[2017.06.02-11.31.55:627][676]LogBlueprintUserMessages: [RunnerChar_C_0] 13.911114
[2017.06.02-11.31.55:667][677]LogBlueprintUserMessages: [RunnerChar_C_0] 13.950697
[2017.06.02-11.31.55:707][678]LogBlueprintUserMessages: [RunnerChar_C_0] 13.991199
[2017.06.02-11.31.55:748][679]LogBlueprintUserMessages: [RunnerChar_C_0] 14.031931
[2017.06.02-11.31.55:789][680]LogBlueprintUserMessages: [RunnerChar_C_0] 14.073121
[2017.06.02-11.31.55:830][681]LogBlueprintUserMessages: [RunnerChar_C_0] 14.114134
[2017.06.02-11.31.55:871][682]LogBlueprintUserMessages: [RunnerChar_C_0] 14.155354
[2017.06.02-11.31.55:912][683]LogBlueprintUserMessages: [RunnerChar_C_0] 14.196394
[2017.06.02-11.31.55:953][684]LogBlueprintUserMessages: [RunnerChar_C_0] 14.237518
[2017.06.02-11.31.55:995][685]LogBlueprintUserMessages: [RunnerChar_C_0] 14.278963
[2017.06.02-11.31.56:035][686]LogBlueprintUserMessages: [RunnerChar_C_0] 14.319187
[2017.06.02-11.31.56:077][687]LogBlueprintUserMessages: [RunnerChar_C_0] 14.361323
[2017.06.02-11.31.56:134][688]LogBlueprintUserMessages: [RunnerChar_C_0] 14.417875
[2017.06.02-11.31.56:179][689]LogBlueprintUserMessages: [RunnerChar_C_0] 14.4636
[2017.06.02-11.31.56:223][690]LogBlueprintUserMessages: [RunnerChar_C_0] 14.507225
[2017.06.02-11.31.56:267][691]LogBlueprintUserMessages: [RunnerChar_C_0] 14.548794
[2017.06.02-11.31.56:306][692]LogBlueprintUserMessages: [RunnerChar_C_0] 14.589818
[2017.06.02-11.31.56:348][693]LogBlueprintUserMessages: [RunnerChar_C_0] 14.632068
[2017.06.02-11.31.56:390][694]LogBlueprintUserMessages: [RunnerChar_C_0] 14.674261
[2017.06.02-11.31.56:434][695]LogBlueprintUserMessages: [RunnerChar_C_0] 14.717763
[2017.06.02-11.31.56:477][696]LogBlueprintUserMessages: [RunnerChar_C_0] 14.760835
[2017.06.02-11.31.56:525][697]LogBlueprintUserMessages: [RunnerChar_C_0] 14.809492
[2017.06.02-11.31.56:562][698]LogBlueprintUserMessages: [RunnerChar_C_0] 14.846126
[2017.06.02-11.31.56:603][699]LogBlueprintUserMessages: [RunnerChar_C_0] 14.886432
[2017.06.02-11.31.56:645][700]LogBlueprintUserMessages: [RunnerChar_C_0] 14.928798
[2017.06.02-11.31.56:686][701]LogBlueprintUserMessages: [RunnerChar_C_0] 14.970323
[2017.06.02-11.31.56:728][702]LogBlueprintUserMessages: [RunnerChar_C_0] 15.012192
[2017.06.02-11.31.56:769][703]LogBlueprintUserMessages: [RunnerChar_C_0] 15.053715
[2017.06.02-11.31.56:812][704]LogBlueprintUserMessages: [RunnerChar_C_0] 15.095676
[2017.06.02-11.31.56:853][705]LogBlueprintUserMessages: [RunnerChar_C_0] 15.137324
[2017.06.02-11.31.56:895][706]LogBlueprintUserMessages: [RunnerChar_C_0] 15.179081
[2017.06.02-11.31.56:937][707]LogBlueprintUserMessages: [RunnerChar_C_0] 15.221642
[2017.06.02-11.31.56:979][708]LogBlueprintUserMessages: [RunnerChar_C_0] 15.262506
[2017.06.02-11.31.57:020][709]LogBlueprintUserMessages: [RunnerChar_C_0] 15.304216
[2017.06.02-11.31.57:062][710]LogBlueprintUserMessages: [RunnerChar_C_0] 15.34611
[2017.06.02-11.31.57:104][711]LogBlueprintUserMessages: [RunnerChar_C_0] 15.387952
[2017.06.02-11.31.57:145][712]LogBlueprintUserMessages: [RunnerChar_C_0] 15.429666
[2017.06.02-11.31.57:187][713]LogBlueprintUserMessages: [RunnerChar_C_0] 15.471334
[2017.06.02-11.31.57:270][714]LogBlueprintUserMessages: [RunnerChar_C_0] 15.513273
[2017.06.02-11.31.57:278][715]LogBlueprintUserMessages: [RunnerChar_C_0] 15.56203
[2017.06.02-11.31.57:354][716]LogBlueprintUserMessages: [RunnerChar_C_0] 15.598001
[2017.06.02-11.31.57:361][717]LogBlueprintUserMessages: [RunnerChar_C_0] 15.644921
[2017.06.02-11.31.57:395][718]LogBlueprintUserMessages: [RunnerChar_C_0] 15.679341
[2017.06.02-11.31.57:435][719]LogBlueprintUserMessages: [RunnerChar_C_0] 15.719554
[2017.06.02-11.31.57:476][720]LogBlueprintUserMessages: [RunnerChar_C_0] 15.760768
[2017.06.02-11.31.57:517][721]LogBlueprintUserMessages: [RunnerChar_C_0] 15.800554
[2017.06.02-11.31.57:557][722]LogBlueprintUserMessages: [RunnerChar_C_0] 15.840723
[2017.06.02-11.31.57:597][723]LogBlueprintUserMessages: [RunnerChar_C_0] 15.880655
[2017.06.02-11.31.57:636][724]LogBlueprintUserMessages: [RunnerChar_C_0] 15.920717
[2017.06.02-11.31.57:677][725]LogBlueprintUserMessages: [RunnerChar_C_0] 15.961458
[2017.06.02-11.31.57:717][726]LogBlueprintUserMessages: [RunnerChar_C_0] 16.001081
[2017.06.02-11.31.57:758][727]LogBlueprintUserMessages: [RunnerChar_C_0] 16.042303
[2017.06.02-11.31.57:837][728]LogBlueprintUserMessages: [RunnerChar_C_0] 16.081308
[2017.06.02-11.31.57:845][729]LogBlueprintUserMessages: [RunnerChar_C_0] 16.129292
[2017.06.02-11.31.57:880][730]LogBlueprintUserMessages: [RunnerChar_C_0] 16.164621
[2017.06.02-11.31.57:919][731]LogBlueprintUserMessages: [RunnerChar_C_0] 16.203083
[2017.06.02-11.31.57:960][732]LogBlueprintUserMessages: [RunnerChar_C_0] 16.243917
[2017.06.02-11.31.58:000][733]LogBlueprintUserMessages: [RunnerChar_C_0] 16.284454
[2017.06.02-11.31.58:041][734]LogBlueprintUserMessages: [RunnerChar_C_0] 16.325058
[2017.06.02-11.31.58:080][735]LogBlueprintUserMessages: [RunnerChar_C_0] 16.364529
[2017.06.02-11.31.58:121][736]LogBlueprintUserMessages: [RunnerChar_C_0] 16.40481
[2017.06.02-11.31.58:164][737]LogBlueprintUserMessages: [RunnerChar_C_0] 16.445494
[2017.06.02-11.31.58:201][738]LogBlueprintUserMessages: [RunnerChar_C_0] 16.485447
[2017.06.02-11.31.58:243][739]LogBlueprintUserMessages: [RunnerChar_C_0] 16.526556
[2017.06.02-11.31.58:292][740]LogBlueprintUserMessages: [RunnerChar_C_0] 16.575176
[2017.06.02-11.31.58:327][741]LogBlueprintUserMessages: [RunnerChar_C_0] 16.611191
[2017.06.02-11.31.58:369][742]LogBlueprintUserMessages: [RunnerChar_C_0] 16.652201
[2017.06.02-11.38.12:272][ 73]LogEditorViewport: Clicking on Actor (LMB): BP_Sky_Sphere_C (Sky Sphere)
[2017.06.02-11.38.14:995][171]LogWindowsTextInputMethodSystem:Display: IME system now activated using TSF (Microsoft 입력기).
[2017.06.02-11.38.15:180][172]Cmd: QUIT_EDITOR
[2017.06.02-11.38.18:737][172]LogExit: Preparing to exit.
[2017.06.02-11.38.19:231][172]LogDirectoryWatcher: A directory notification for 'C:/Users/400T6B/Desktop/fleeKaHJ/LHJ/Content/' was aborted.
[2017.06.02-11.38.19:329][172]LogExit: Editor shut down
[2017.06.02-11.38.19:329][172]LogExit: Transaction tracking system shut down
[2017.06.02-11.38.19:380][172]LogObj: Freed 0b from 0 cluster array pools.
[2017.06.02-11.38.19:380][172]LogExit: Object subsystem successfully closed.
[2017.06.02-11.38.19:393][172]LogD3D11RHI: Shutdown
[2017.06.02-11.38.19:393][172]LogD3D11RHI: CleanupD3DDevice
[2017.06.02-11.38.19:444][172]LogD3D11RHI: ~FD3D11DynamicRHI
[2017.06.02-11.38.19:452][172]LogModuleManager: Shutting down and abandoning module MovieSceneCapture (498)
[2017.06.02-11.38.19:452][172]LogModuleManager: Shutting down and abandoning module HierarchicalLODOutliner (496)
[2017.06.02-11.38.19:452][172]LogModuleManager: Shutting down and abandoning module CrashTracker (494)
[2017.06.02-11.38.19:452][172]LogModuleManager: Shutting down and abandoning module SceneOutliner (492)
[2017.06.02-11.38.19:452][172]LogModuleManager: Shutting down and abandoning module AddContentDialog (490)
[2017.06.02-11.38.19:452][172]LogDirectoryWatcher: A directory notification for 'C:/Program Files/Epic Games/UE_4.15/FeaturePacks/' was aborted.
[2017.06.02-11.38.19:453][172]LogModuleManager: Shutting down and abandoning module WidgetCarousel (489)
[2017.06.02-11.38.19:453][172]LogModuleManager: Shutting down and abandoning module EditorWidgets (486)
[2017.06.02-11.38.19:453][172]LogModuleManager: Shutting down and abandoning module CollectionManager (484)
[2017.06.02-11.38.19:453][172]LogDirectoryWatcher: A directory notification for 'C:/Users/400T6B/Desktop/fleeKaHJ/LHJ/Content/Collections/' was aborted.
[2017.06.02-11.38.19:453][172]LogDirectoryWatcher: A directory notification for 'C:/Users/400T6B/Desktop/fleeKaHJ/LHJ/Content/Developers/400T6B/Collections/' was aborted.
[2017.06.02-11.38.19:453][172]LogDirectoryWatcher: A directory notification for 'C:/Users/400T6B/Desktop/fleeKaHJ/LHJ/Saved/Collections/' was aborted.
[2017.06.02-11.38.19:453][172]LogModuleManager: Shutting down and abandoning module StatsViewer (482)
[2017.06.02-11.38.19:453][172]LogModuleManager: Shutting down and abandoning module FoliageEdit (480)
[2017.06.02-11.38.19:453][172]LogModuleManager: Shutting down and abandoning module LandscapeEditor (478)
[2017.06.02-11.38.19:453][172]LogModuleManager: Shutting down and abandoning module SceneDepthPickerMode (476)
[2017.06.02-11.38.19:453][172]LogModuleManager: Shutting down and abandoning module ActorPickerMode (474)
[2017.06.02-11.38.19:453][172]LogModuleManager: Shutting down and abandoning module GeometryMode (472)
[2017.06.02-11.38.19:453][172]LogModuleManager: Shutting down and abandoning module TextureAlignMode (470)
[2017.06.02-11.38.19:453][172]LogModuleManager: Shutting down and abandoning module BspMode (468)
[2017.06.02-11.38.19:453][172]LogModuleManager: Shutting down and abandoning module HardwareSurvey (466)
[2017.06.02-11.38.19:453][172]LogModuleManager: Shutting down and abandoning module SequenceRecorderSections (464)
[2017.06.02-11.38.19:453][172]LogModuleManager: Shutting down and abandoning module AutomationWorker (462)
[2017.06.02-11.38.19:453][172]LogModuleManager: Shutting down and abandoning module MatineeToLevelSequence (460)
[2017.06.02-11.38.19:453][172]LogModuleManager: Shutting down and abandoning module LevelSequenceEditor (458)
[2017.06.02-11.38.19:453][172]LogModuleManager: Shutting down and abandoning module PlacementMode (457)
[2017.06.02-11.38.19:453][172]LogModuleManager: Shutting down and abandoning module WmfMediaFactory (454)
[2017.06.02-11.38.19:453][172]LogModuleManager: Shutting down and abandoning module WmfMediaEditor (452)
[2017.06.02-11.38.19:453][172]LogModuleManager: Shutting down and abandoning module MfMediaFactory (450)
[2017.06.02-11.38.19:453][172]LogModuleManager: Shutting down and abandoning module MfMediaEditor (448)
[2017.06.02-11.38.19:453][172]LogModuleManager: Shutting down and abandoning module AvfMediaFactory (446)
[2017.06.02-11.38.19:453][172]LogModuleManager: Shutting down and abandoning module AvfMediaEditor (444)
[2017.06.02-11.38.19:453][172]LogModuleManager: Shutting down and abandoning module AndroidMediaFactory (442)
[2017.06.02-11.38.19:453][172]LogModuleManager: Shutting down and abandoning module Media (441)
[2017.06.02-11.38.19:453][172]LogModuleManager: Shutting down and abandoning module AndroidMediaEditor (438)
[2017.06.02-11.38.19:454][172]LogModuleManager: Shutting down and abandoning module CharacterAI (436)
[2017.06.02-11.38.19:454][172]LogModuleManager: Shutting down and abandoning module AudioCapture (434)
[2017.06.02-11.38.19:454][172]LogModuleManager: Shutting down and abandoning module SequenceRecorder (433)
[2017.06.02-11.38.19:454][172]LogModuleManager: Shutting down and abandoning module SmartSnapping (430)
[2017.06.02-11.38.19:454][172]LogModuleManager: Shutting down and abandoning module SessionServices (428)
[2017.06.02-11.38.19:454][172]LogModuleManager: Shutting down and abandoning module ViewportSnapping (426)
[2017.06.02-11.38.19:454][172]LogModuleManager: Shutting down and abandoning module ViewportInteraction (424)
[2017.06.02-11.38.19:454][172]LogModuleManager: Shutting down and abandoning module LogVisualizer (422)
[2017.06.02-11.38.19:454][172]LogModuleManager: Shutting down and abandoning module IntroTutorials (420)
[2017.06.02-11.38.19:454][172]LogModuleManager: Shutting down and abandoning module GameProjectGeneration (419)
[2017.06.02-11.38.19:454][172]LogModuleManager: Shutting down and abandoning module EditorLiveStreaming (416)
[2017.06.02-11.38.19:454][172]LogModuleManager: Shutting down and abandoning module IOSPlatformEditor (414)
[2017.06.02-11.38.19:454][172]LogModuleManager: Shutting down and abandoning module HTML5PlatformEditor (412)
[2017.06.02-11.38.19:454][172]LogModuleManager: Shutting down and abandoning module AndroidPlatformEditor (410)
[2017.06.02-11.38.19:454][172]LogModuleManager: Shutting down and abandoning module AndroidDeviceDetection (409)
[2017.06.02-11.38.19:886][172]LogModuleManager: Shutting down and abandoning module IOSRuntimeSettings (406)
[2017.06.02-11.38.19:886][172]LogModuleManager: Shutting down and abandoning module AndroidRuntimeSettings (404)
[2017.06.02-11.38.19:886][172]LogModuleManager: Shutting down and abandoning module InputBindingEditor (402)
[2017.06.02-11.38.19:887][172]LogModuleManager: Shutting down and abandoning module NiagaraEditor (400)
[2017.06.02-11.38.19:887][172]LogModuleManager: Shutting down and abandoning module MergeActors (398)
[2017.06.02-11.38.19:887][172]LogModuleManager: Shutting down and abandoning module SizeMap (396)
[2017.06.02-11.38.19:887][172]LogModuleManager: Shutting down and abandoning module TreeMap (394)
[2017.06.02-11.38.19:887][172]LogModuleManager: Shutting down and abandoning module ReferenceViewer (392)
[2017.06.02-11.38.19:887][172]LogModuleManager: Shutting down and abandoning module LocalizationDashboard (390)
[2017.06.02-11.38.19:887][172]LogModuleManager: Shutting down and abandoning module LocalizationService (389)
[2017.06.02-11.38.19:887][172]LogModuleManager: Shutting down and abandoning module HardwareTargeting (386)
[2017.06.02-11.38.19:887][172]LogModuleManager: Shutting down and abandoning module DeviceProfileEditor (384)
[2017.06.02-11.38.19:887][172]LogModuleManager: Shutting down and abandoning module UndoHistory (382)
[2017.06.02-11.38.19:887][172]LogModuleManager: Shutting down and abandoning module UserFeedback (380)
[2017.06.02-11.38.19:887][172]LogModuleManager: Shutting down and abandoning module XmlParser (378)
[2017.06.02-11.38.19:887][172]LogModuleManager: Shutting down and abandoning module Blutility (376)
[2017.06.02-11.38.19:887][172]LogModuleManager: Shutting down and abandoning module ProjectSettingsViewer (374)
[2017.06.02-11.38.19:887][172]LogModuleManager: Shutting down and abandoning module ProjectTargetPlatformEditor (373)
[2017.06.02-11.38.19:887][172]LogModuleManager: Shutting down and abandoning module EditorSettingsViewer (370)
[2017.06.02-11.38.19:887][172]LogModuleManager: Shutting down and abandoning module SettingsEditor (368)
[2017.06.02-11.38.19:887][172]LogModuleManager: Shutting down and abandoning module ProjectLauncher (366)
[2017.06.02-11.38.19:887][172]LogModuleManager: Shutting down and abandoning module SessionFrontend (364)
[2017.06.02-11.38.19:887][172]LogModuleManager: Shutting down and abandoning module ProfilerClient (362)
[2017.06.02-11.38.19:887][172]LogModuleManager: Shutting down and abandoning module DeviceManager (360)
[2017.06.02-11.38.19:887][172]LogModuleManager: Shutting down and abandoning module TargetDeviceServices (359)
[2017.06.02-11.38.19:939][172]LogModuleManager: Shutting down and abandoning module AutomationController (356)
[2017.06.02-11.38.19:939][172]LogModuleManager: Shutting down and abandoning module AutomationWindow (354)
[2017.06.02-11.38.19:939][172]LogModuleManager: Shutting down and abandoning module Layers (352)
[2017.06.02-11.38.19:939][172]LogModuleManager: Shutting down and abandoning module ComponentVisualizers (350)
[2017.06.02-11.38.19:939][172]LogModuleManager: Shutting down and abandoning module DetailCustomizations (348)
[2017.06.02-11.38.19:939][172]LogModuleManager: Shutting down and abandoning module PackagesDialog (346)
[2017.06.02-11.38.19:939][172]LogModuleManager: Shutting down and abandoning module Persona (344)
[2017.06.02-11.38.19:939][172]LogModuleManager: Shutting down and abandoning module AnimGraph (343)
[2017.06.02-11.38.19:939][172]LogModuleManager: Shutting down and abandoning module Kismet (340)
[2017.06.02-11.38.19:940][172]LogModuleManager: Shutting down and abandoning module GraphEditor (338)
[2017.06.02-11.38.19:940][172]LogModuleManager: Shutting down and abandoning module ClassViewer (336)
[2017.06.02-11.38.19:940][172]LogModuleManager: Shutting down and abandoning module Toolbox (334)
[2017.06.02-11.38.19:940][172]LogModuleManager: Shutting down and abandoning module ModuleUI (332)
[2017.06.02-11.38.19:940][172]LogModuleManager: Shutting down and abandoning module MovieSceneTools (330)
[2017.06.02-11.38.19:940][172]LogModuleManager: Shutting down and abandoning module OutputLog (328)
[2017.06.02-11.38.19:940][172]LogModuleManager: Shutting down and abandoning module GammaUI (326)
[2017.06.02-11.38.19:940][172]LogModuleManager: Shutting down and abandoning module Documentation (324)
[2017.06.02-11.38.19:940][172]LogModuleManager: Shutting down and abandoning module Niagara (322)
[2017.06.02-11.38.19:940][172]LogModuleManager: Shutting down and abandoning module StreamingPauseRendering (320)
[2017.06.02-11.38.19:940][172]LogModuleManager: Shutting down and abandoning module AnalyticsET (318)
[2017.06.02-11.38.19:940][172]LogModuleManager: Shutting down and abandoning module PortalServices (316)
[2017.06.02-11.38.19:940][172]LogModuleManager: Shutting down and abandoning module PortalRpc (314)
[2017.06.02-11.38.19:940][172]LogModuleManager: Shutting down and abandoning module MessagingRpc (312)
[2017.06.02-11.38.19:940][172]LogModuleManager: Shutting down and abandoning module AIModule (310)
[2017.06.02-11.38.19:940][172]LogModuleManager: Shutting down and abandoning module GameplayDebugger (309)
[2017.06.02-11.38.19:940][172]LogModuleManager: Shutting down and abandoning module AITestSuite (307)
[2017.06.02-11.38.19:940][172]LogModuleManager: Shutting down and abandoning module ProfilerService (304)
[2017.06.02-11.38.19:993][172]LogModuleManager: Shutting down and abandoning module TaskGraph (302)
[2017.06.02-11.38.19:993][172]LogModuleManager: Shutting down and abandoning module SteamVRController (300)
[2017.06.02-11.38.19:993][172]LogModuleManager: Shutting down and abandoning module SteamVR (298)
[2017.06.02-11.38.19:993][172]LogModuleManager: Shutting down and abandoning module ProceduralMeshComponentEditor (296)
[2017.06.02-11.38.19:993][172]LogModuleManager: Shutting down and abandoning module ProceduralMeshComponent (294)
[2017.06.02-11.38.19:993][172]LogModuleManager: Shutting down and abandoning module OculusLibrary (292)
[2017.06.02-11.38.19:993][172]LogModuleManager: Shutting down and abandoning module OculusInput (290)
[2017.06.02-11.38.19:993][172]LogModuleManager: Shutting down and abandoning module MobilePatchingUtils (288)
[2017.06.02-11.38.19:993][172]LogModuleManager: Shutting down and abandoning module CustomMeshComponent (286)
[2017.06.02-11.38.19:993][172]LogModuleManager: Shutting down and abandoning module CableComponent (284)
[2017.06.02-11.38.19:993][172]LogModuleManager: Shutting down and abandoning module ArchVisCharacter (282)
[2017.06.02-11.38.19:993][172]LogModuleManager: Shutting down and abandoning module MediaPlayerEditor (278)
[2017.06.02-11.38.19:993][172]LogModuleManager: Shutting down and abandoning module HTML5Networking (276)
[2017.06.02-11.38.19:993][172]LogModuleManager: Shutting down and abandoning module AlembicImporter (274)
[2017.06.02-11.38.19:993][172]LogModuleManager: Shutting down and abandoning module AlembicLibrary (273)
[2017.06.02-11.38.19:993][172]LogModuleManager: Shutting down and abandoning module GeometryCache (272)
[2017.06.02-11.38.19:993][172]LogModuleManager: Shutting down and abandoning module GeometryCacheEd (271)
[2017.06.02-11.38.19:993][172]LogModuleManager: Shutting down and abandoning module SuperSearchEditor (266)
[2017.06.02-11.38.19:993][172]LogModuleManager: Shutting down and abandoning module SuperSearch (265)
[2017.06.02-11.38.19:993][172]LogModuleManager: Shutting down and abandoning module SpeedTreeImporter (262)
[2017.06.02-11.38.19:993][172]LogModuleManager: Shutting down and abandoning module PluginBrowser (260)
[2017.06.02-11.38.19:993][172]LogModuleManager: Shutting down and abandoning module MobileLauncherProfileWizard (258)
[2017.06.02-11.38.19:993][172]LogModuleManager: Shutting down and abandoning module EpicSurvey (256)
[2017.06.02-11.38.19:993][172]LogModuleManager: Shutting down and abandoning module VisualStudioSourceCodeAccess (254)
[2017.06.02-11.38.19:993][172]LogModuleManager: Shutting down and abandoning module DesktopPlatform (253)
[2017.06.02-11.38.19:993][172]LogModuleManager: Shutting down and abandoning module UObjectPlugin (250)
[2017.06.02-11.38.19:993][172]LogModuleManager: Shutting down and abandoning module SubversionSourceControl (248)
[2017.06.02-11.38.19:993][172]LogModuleManager: Shutting down and abandoning module PerforceSourceControl (246)
[2017.06.02-11.38.19:993][172]LogModuleManager: Shutting down and abandoning module GitSourceControl (244)
[2017.06.02-11.38.19:993][172]LogModuleManager: Shutting down and abandoning module SourceControl (243)
[2017.06.02-11.38.19:993][172]LogModuleManager: Shutting down and abandoning module LightPropagationVolumeEditor (240)
[2017.06.02-11.38.19:993][172]LogModuleManager: Shutting down and abandoning module PaperTiledImporter (238)
[2017.06.02-11.38.19:993][172]LogModuleManager: Shutting down and abandoning module PaperSpriteSheetImporter (236)
[2017.06.02-11.38.19:993][172]LogModuleManager: Shutting down and abandoning module Paper2DEditor (234)
[2017.06.02-11.38.19:993][172]LogModuleManager: Shutting down and abandoning module MeshPaint (233)
[2017.06.02-11.38.19:993][172]LogModuleManager: Shutting down and abandoning module LevelEditor (231)
[2017.06.02-11.38.19:994][172]LogModuleManager: Shutting down and abandoning module PixelInspectorModule (230)
[2017.06.02-11.38.19:994][172]LogModuleManager: Shutting down and abandoning module MainFrame (228)
[2017.06.02-11.38.19:994][172]LogModuleManager: Shutting down and abandoning module HotReload (227)
[2017.06.02-11.38.19:994][172]LogModuleManager: Shutting down and abandoning module ContentBrowser (223)
[2017.06.02-11.38.19:995][172]LogModuleManager: Shutting down and abandoning module PhysXVehiclesEditor (220)
[2017.06.02-11.38.19:995][172]LogModuleManager: Shutting down and abandoning module PhysXVehicles (218)
[2017.06.02-11.38.19:995][172]LogModuleManager: Shutting down and abandoning module LocationServicesBPLibrary (216)
[2017.06.02-11.38.19:995][172]LogModuleManager: Shutting down and abandoning module UdpMessaging (214)
[2017.06.02-11.38.20:104][172]LogModuleManager: Shutting down and abandoning module TcpMessaging (212)
[2017.06.02-11.38.20:205][172]LogModuleManager: Shutting down and abandoning module GameplayTagsEditor (210)
[2017.06.02-11.38.20:205][172]LogModuleManager: Shutting down and abandoning module FacialAnimationEditor (208)
[2017.06.02-11.38.20:205][172]LogModuleManager: Shutting down and abandoning module FacialAnimation (206)
[2017.06.02-11.38.20:205][172]LogModuleManager: Shutting down and abandoning module LightPropagationVolumeRuntime (204)
[2017.06.02-11.38.20:205][172]LogModuleManager: Shutting down and abandoning module Paper2D (202)
[2017.06.02-11.38.20:205][172]LogModuleManager: Shutting down and abandoning module WindowsMoviePlayer (200)
[2017.06.02-11.38.20:205][172]LogModuleManager: Shutting down and abandoning module WmfMedia (198)
[2017.06.02-11.38.20:206][172]LogModuleManager: Shutting down and abandoning module MfMedia (196)
[2017.06.02-11.38.20:206][172]LogModuleManager: Shutting down and abandoning module MediaAssets (194)
[2017.06.02-11.38.20:206][172]LogModuleManager: Shutting down and abandoning module GameLiveStreaming (192)
[2017.06.02-11.38.20:206][172]LogModuleManager: Shutting down and abandoning module VREditor (190)
[2017.06.02-11.38.20:206][172]LogModuleManager: Shutting down and abandoning module GameplayTasksEditor (188)
[2017.06.02-11.38.20:206][172]LogModuleManager: Shutting down and abandoning module BehaviorTreeEditor (186)
[2017.06.02-11.38.20:206][172]LogModuleManager: Shutting down and abandoning module FunctionalTesting (184)
[2017.06.02-11.38.20:206][172]LogModuleManager: Shutting down and abandoning module CollisionAnalyzer (182)
[2017.06.02-11.38.20:206][172]LogModuleManager: Shutting down and abandoning module UMG (180)
[2017.06.02-11.38.20:206][172]LogModuleManager: Shutting down and abandoning module UMGEditor (179)
[2017.06.02-11.38.20:206][172]LogModuleManager: Shutting down and abandoning module Sequencer (178)
[2017.06.02-11.38.20:206][172]LogModuleManager: Shutting down and abandoning module AssetTools (176)
[2017.06.02-11.38.20:206][172]LogModuleManager: Shutting down and abandoning module MessageLog (175)
[2017.06.02-11.38.20:206][172]LogModuleManager: Shutting down and abandoning module WorkspaceMenuStructure (174)
[2017.06.02-11.38.20:206][172]LogModuleManager: Shutting down and abandoning module SlateReflector (168)
[2017.06.02-11.38.20:206][172]LogModuleManager: Shutting down and abandoning module Slate (166)
[2017.06.02-11.38.20:206][172]LogModuleManager: Shutting down and abandoning module EditorStyle (164)
[2017.06.02-11.38.20:209][172]LogModuleManager: Shutting down and abandoning module SourceCodeAccess (162)
[2017.06.02-11.38.20:209][172]LogModuleManager: Shutting down and abandoning module HeadMountedDisplay (160)
[2017.06.02-11.38.20:209][172]LogModuleManager: Shutting down and abandoning module XAudio2 (158)
[2017.06.02-11.38.20:209][172]LogModuleManager: Shutting down and abandoning module Networking (156)
[2017.06.02-11.38.20:209][172]LogModuleManager: Shutting down and abandoning module Core (152)
[2017.06.02-11.38.20:209][172]LogModuleManager: Shutting down and abandoning module AssetRegistry (150)
[2017.06.02-11.38.20:431][172]LogDirectoryWatcher: A directory notification for '../../../Engine/Content/' was aborted.
[2017.06.02-11.38.20:431][172]LogDirectoryWatcher: A directory notification for '../../../../../../Users/400T6B/Desktop/fleeKaHJ/LHJ/Content/' was aborted.
[2017.06.02-11.38.20:431][172]LogDirectoryWatcher: A directory notification for '../../../Engine/Plugins/2D/Paper2D/Content/' was aborted.
[2017.06.02-11.38.20:431][172]LogModuleManager: Shutting down and abandoning module DirectoryWatcher (149)
[2017.06.02-11.38.20:432][172]LogModuleManager: Shutting down and abandoning module KismetCompiler (146)
[2017.06.02-11.38.20:432][172]LogModuleManager: Shutting down and abandoning module PhysXFormats (144)
[2017.06.02-11.38.20:432][172]LogModuleManager: Shutting down and abandoning module MeshUtilities (142)
[2017.06.02-11.38.20:432][172]LogModuleManager: Shutting down and abandoning module SimplygonSwarm (141)
[2017.06.02-11.38.20:432][172]LogModuleManager: Shutting down and abandoning module SimplygonMeshReduction (139)
[2017.06.02-11.38.20:432][172]LogModuleManager: Shutting down and abandoning module QuadricMeshReduction (137)
[2017.06.02-11.38.20:432][172]LogModuleManager: Shutting down and abandoning module PropertyEditor (135)
[2017.06.02-11.38.20:432][172]LogModuleManager: Shutting down and abandoning module DerivedDataCache (132)
[2017.06.02-11.38.20:441][172]LogDerivedDataCache: Shutdown
[2017.06.02-11.38.20:441][172]LogModuleManager: Shutting down and abandoning module TargetPlatform (130)
[2017.06.02-11.38.20:441][172]LogModuleManager: Shutting down and abandoning module VulkanShaderFormat (129)
[2017.06.02-11.38.20:441][172]LogModuleManager: Shutting down and abandoning module ShaderFormatOpenGL (127)
[2017.06.02-11.38.20:441][172]LogModuleManager: Shutting down and abandoning module ShaderFormatD3D (125)
[2017.06.02-11.38.20:441][172]LogModuleManager: Shutting down and abandoning module MetalShaderFormat (123)
[2017.06.02-11.38.20:441][172]LogModuleManager: Shutting down and abandoning module TextureFormatUncompressed (121)
[2017.06.02-11.38.20:441][172]LogModuleManager: Shutting down and abandoning module TextureFormatPVR (119)
[2017.06.02-11.38.20:441][172]LogModuleManager: Shutting down and abandoning module TextureFormatDXT (117)
[2017.06.02-11.38.20:441][172]LogModuleManager: Shutting down and abandoning module TextureFormatIntelISPCTexComp (115)
[2017.06.02-11.38.20:441][172]LogModuleManager: Shutting down and abandoning module TextureFormatASTC (113)
[2017.06.02-11.38.20:441][172]LogModuleManager: Shutting down and abandoning module ImageWrapper (112)
[2017.06.02-11.38.20:441][172]LogModuleManager: Shutting down and abandoning module TextureFormatAndroid (109)
[2017.06.02-11.38.20:441][172]LogModuleManager: Shutting down and abandoning module AudioFormatOpus (107)
[2017.06.02-11.38.20:441][172]LogModuleManager: Shutting down and abandoning module AudioFormatOgg (105)
[2017.06.02-11.38.20:441][172]LogModuleManager: Shutting down and abandoning module AudioFormatADPCM (103)
[2017.06.02-11.38.20:441][172]LogModuleManager: Shutting down and abandoning module LinuxTargetPlatform (101)
[2017.06.02-11.38.20:441][172]LogModuleManager: Shutting down and abandoning module LinuxServerTargetPlatform (99)
[2017.06.02-11.38.20:441][172]LogModuleManager: Shutting down and abandoning module LinuxNoEditorTargetPlatform (97)
[2017.06.02-11.38.20:441][172]LogModuleManager: Shutting down and abandoning module LinuxClientTargetPlatform (95)
[2017.06.02-11.38.20:441][172]LogModuleManager: Shutting down and abandoning module TVOSTargetPlatform (93)
[2017.06.02-11.38.20:441][172]LogModuleManager: Shutting down and abandoning module Messaging (91)
[2017.06.02-11.38.20:441][172]LogModuleManager: Shutting down and abandoning module IOSTargetPlatform (89)
[2017.06.02-11.38.20:441][172]LogModuleManager: Shutting down and abandoning module HTML5TargetPlatform (87)
[2017.06.02-11.38.20:441][172]LogModuleManager: Shutting down and abandoning module Android_PVRTCTargetPlatform (85)
[2017.06.02-11.38.20:441][172]LogModuleManager: Shutting down and abandoning module Android_MultiTargetPlatform (83)
[2017.06.02-11.38.20:441][172]LogModuleManager: Shutting down and abandoning module Android_ETC2TargetPlatform (81)
[2017.06.02-11.38.20:441][172]LogModuleManager: Shutting down and abandoning module Android_ETC1TargetPlatform (79)
[2017.06.02-11.38.20:441][172]LogModuleManager: Shutting down and abandoning module Android_DXTTargetPlatform (77)
[2017.06.02-11.38.20:441][172]LogModuleManager: Shutting down and abandoning module Android_ATCTargetPlatform (75)
[2017.06.02-11.38.20:441][172]LogModuleManager: Shutting down and abandoning module Android_ASTCTargetPlatform (73)
[2017.06.02-11.38.20:441][172]LogModuleManager: Shutting down and abandoning module AndroidTargetPlatform (71)
[2017.06.02-11.38.20:441][172]LogModuleManager: Shutting down and abandoning module WindowsTargetPlatform (69)
[2017.06.02-11.38.20:441][172]LogModuleManager: Shutting down and abandoning module WindowsServerTargetPlatform (67)
[2017.06.02-11.38.20:441][172]LogModuleManager: Shutting down and abandoning module WindowsNoEditorTargetPlatform (65)
[2017.06.02-11.38.20:441][172]LogModuleManager: Shutting down and abandoning module WindowsClientTargetPlatform (63)
[2017.06.02-11.38.20:441][172]LogModuleManager: Shutting down and abandoning module MacTargetPlatform (61)
[2017.06.02-11.38.20:441][172]LogModuleManager: Shutting down and abandoning module MacServerTargetPlatform (59)
[2017.06.02-11.38.20:441][172]LogModuleManager: Shutting down and abandoning module MacNoEditorTargetPlatform (57)
[2017.06.02-11.38.20:441][172]LogModuleManager: Shutting down and abandoning module MacClientTargetPlatform (55)
[2017.06.02-11.38.20:441][172]LogModuleManager: Shutting down and abandoning module AllDesktopTargetPlatform (53)
[2017.06.02-11.38.20:441][172]LogModuleManager: Shutting down and abandoning module InputCore (50)
[2017.06.02-11.38.20:441][172]LogModuleManager: Shutting down and abandoning module Settings (48)
[2017.06.02-11.38.20:441][172]LogModuleManager: Shutting down and abandoning module OculusRift (46)
[2017.06.02-11.38.20:441][172]LogModuleManager: Shutting down and abandoning module ExampleDeviceProfileSelector (44)
[2017.06.02-11.38.20:441][172]LogModuleManager: Shutting down and abandoning module OnlineBlueprintSupport (42)
[2017.06.02-11.38.20:441][172]LogModuleManager: Shutting down and abandoning module OnlineSubsystem (38)
[2017.06.02-11.38.20:441][172]LogOnline:Display: Unloading online subsystem: NULL
[2017.06.02-11.38.20:441][172]LogModuleManager: Shutting down and abandoning module XMPP (37)
[2017.06.02-11.38.20:442][172]LogModuleManager: Shutting down and abandoning module HTTP (35)
[2017.06.02-11.38.20:442][172]LogHttp:Display: Http module shutting down, but needs to wait on 1 outstanding Http requests:
[2017.06.02-11.38.20:442][172]LogHttp:Display: 	verb=[POST] url=[https://datarouter.ol.epicgames.com/datarouter/api/v1/public/data?SessionID=%7B24FC2B91-4D81-A755-1FEA-9EB0549CACAA%7D&AppID=UEEditor.Rocket.Release&AppVersion=4.15.0-3299760%2B%2B%2BUE4%2BRelease-4.15&UserID=dc7ce7da477f705d16c90a90f68f6f9c%7C24f22f93b35348e0ba5fb15a7ce2edd8%7C452d1209-eda9-4848-8318-0f71ea1393d9&AppEnvironment=datacollector-binary&UploadType=eteventstream] status=Processing
[2017.06.02-11.38.20:467][172]LogModuleManager: Shutting down and abandoning module SSL (34)
[2017.06.02-11.38.20:468][172]LogModuleManager: Shutting down and abandoning module AudioEditor (30)
[2017.06.02-11.38.20:468][172]LogModuleManager: Shutting down and abandoning module TextureCompressor (28)
[2017.06.02-11.38.20:468][172]LogModuleManager: Shutting down and abandoning module ShaderCore (26)
[2017.06.02-11.38.20:468][172]LogModuleManager: Shutting down and abandoning module Landscape (24)
[2017.06.02-11.38.20:468][172]LogModuleManager: Shutting down and abandoning module SlateRHIRenderer (22)
[2017.06.02-11.38.20:469][172]LogModuleManager: Shutting down and abandoning module OpenGLDrv (20)
[2017.06.02-11.38.20:469][172]LogModuleManager: Shutting down and abandoning module D3D11RHI (18)
[2017.06.02-11.38.20:469][172]LogModuleManager: Shutting down and abandoning module AnimGraphRuntime (16)
[2017.06.02-11.38.20:469][172]LogModuleManager: Shutting down and abandoning module Renderer (14)
[2017.06.02-11.38.20:469][172]LogModuleManager: Shutting down and abandoning module Engine (12)
[2017.06.02-11.38.20:469][172]LogModuleManager: Shutting down and abandoning module CoreUObject (10)
[2017.06.02-11.38.20:469][172]LogModuleManager: Shutting down and abandoning module NetworkFile (8)
[2017.06.02-11.38.20:469][172]LogModuleManager: Shutting down and abandoning module StreamingFile (6)
[2017.06.02-11.38.20:469][172]LogModuleManager: Shutting down and abandoning module SandboxFile (4)
[2017.06.02-11.38.20:469][172]LogModuleManager: Shutting down and abandoning module PakFile (2)
[2017.06.02-11.38.20:470][172]LogExit: Exiting.
[2017.06.02-11.38.20:472][172]Log file closed, 06/02/17 20:38:20
