Log file open, 06/02/17 17:19:19
LogInit:Display: Running engine for game: unrealEndlessRunner
LogPlatformFile: Not using cached read wrapper
LogInit:Display: RandInit(-1800204917) SRandInit(-1800204917).
LogTaskGraph: Started task graph with 5 named threads and 8 total threads with 1 sets of task threads.
LogStats: Stats thread started at 2.512227
LogInit: Using libcurl 7.47.1
LogInit:  - built for x86_64-pc-win32
LogInit:  - supports SSL with OpenSSL/1.0.2g
LogInit:  - supports HTTP deflate (compression) using libz 1.2.8
LogInit:  - other features:
LogInit:      CURL_VERSION_SSL
LogInit:      CURL_VERSION_LIBZ
LogInit:      CURL_VERSION_IPV6
LogInit:      CURL_VERSION_ASYNCHDNS
LogInit:      CURL_VERSION_LARGEFILE
LogInit:      CURL_VERSION_IDN
LogInit:  CurlRequestOptions (configurable via config and command line):
LogInit:  - bVerifyPeer = false  - Libcurl will NOT verify peer certificate
LogInit:  - bUseHttpProxy = false  - Libcurl will NOT use HTTP proxy
LogInit:  - bDontReuseConnections = false  - Libcurl will reuse connections
LogInit:  - CertBundlePath = nullptr  - Libcurl will use whatever was configured at build time.
LogInit: Build: ++UE4+Release-4.15-CL-3299760
LogInit: Engine Version: 4.15.0-3299760+++UE4+Release-4.15
LogInit: Compatible Engine Version: 4.15.0-3299760+++UE4+Release-4.15
LogInit: Net CL: 3299760
LogDevObjectVersion: Number of dev versions registered: 14
LogDevObjectVersion:   Dev-Blueprints (B0D832E4-1F89-4F0D-ACCF-7EB736FD4AA2): 8
LogDevObjectVersion:   Dev-Build (E1C64328-A22C-4D53-A36C-8E866417BD8C): 0
LogDevObjectVersion:   Dev-Core (375EC13C-06E4-48FB-B500-84F0262A717E): 2
LogDevObjectVersion:   Dev-Editor (E4B068ED-F494-42E9-A231-DA0B2E46BB41): 14
LogDevObjectVersion:   Dev-Framework (CFFC743F-43B0-4480-9391-14DF171D2073): 22
LogDevObjectVersion:   Dev-Mobile (B02B49B5-BB20-44E9-A304-32B752E40360): 0
LogDevObjectVersion:   Dev-Networking (A4E4105C-59A1-49B5-A7C5-40C4547EDFEE): 0
LogDevObjectVersion:   Dev-Online (39C831C9-5AE6-47DC-9A44-9C173E1C8E7C): 0
LogDevObjectVersion:   Dev-Physics (78F01B33-EBEA-4F98-B9B4-84EACCB95AA2): 0
LogDevObjectVersion:   Dev-Platform (6631380F-2D4D-43E0-8009-CF276956A95A): 0
LogDevObjectVersion:   Dev-Rendering (12F88B9F-8875-4AFC-A67C-D90C383ABD29): 12
LogDevObjectVersion:   Dev-Sequencer (7B5AE74C-D270-4C10-A958-57980B212A5A): 3
LogDevObjectVersion:   Dev-VR (D7296918-1DD6-4BDD-9DE2-64A83CC13884): 0
LogDevObjectVersion:   Dev-LoadTimes (C2A15278-BFE7-4AFE-6C17-90FF531DF755): 1
LogInit: Compiled (64-bit): Feb 14 2017 02:04:14
LogInit: Compiled with Visual C++: 19.00.23026.00
LogInit: Build Configuration: Development
LogInit: Branch Name: ++UE4+Release-4.15
LogInit: Command line:  
LogInit: Base directory: C:/Program Files/Epic Games/UE_4.15/Engine/Binaries/Win64/
LogInit: Installed Engine Build: 1
LogInit: Presizing for max 8388607 objects, including 0 objects not considered by GC, pre-allocating 0 bytes for permanent pool.
LogInit: Object subsystem initialized
[2017.06.02-08.19.20:948][  0]LogInit: Selected Device Profile: [Windows]
[2017.06.02-08.19.20:948][  0]LogInit: Applying CVar settings loaded from the selected device profile: [Windows]
[2017.06.02-08.19.20:993][  0]LogInit: Computer: G416-27
[2017.06.02-08.19.20:993][  0]LogInit: User: 400T6B
[2017.06.02-08.19.20:993][  0]LogInit: CPU Page size=65536, Cores=4
[2017.06.02-08.19.20:993][  0]LogInit: High frequency timer resolution =3.117190 MHz
[2017.06.02-08.19.20:993][  0]LogMemory: Memory total: Physical=8.0GB (8GB approx)
[2017.06.02-08.19.20:993][  0]LogMemory: Platform Memory Stats for Windows
[2017.06.02-08.19.20:993][  0]LogMemory: Process Physical Memory: 263.11 MB used, 263.11 MB peak
[2017.06.02-08.19.20:993][  0]LogMemory: Process Virtual Memory: 262.11 MB used, 262.11 MB peak
[2017.06.02-08.19.20:993][  0]LogMemory: Physical Memory: 2030.45 MB used,  6119.29 MB free, 8149.74 MB total
[2017.06.02-08.19.20:993][  0]LogMemory: Virtual Memory: 639.67 MB used,  6119.29 MB free, 134217728.00 MB total
[2017.06.02-08.19.22:270][  0]LogTextLocalizationManager: No specific translations for ('ko-KR') exist, so ('ko') translations will be used.
[2017.06.02-08.19.22:412][  0]LogTextLocalizationManager:Warning: Loaded localization resources contain conflicting entries for (Namespace:KismetSchema, Key:Default):
Localization Resource: (C:/Program Files/Epic Games/UE_4.15/Engine/Content/Localization/EditorTutorials/ko/EditorTutorials.locres) Source String Hash: (940523119) Localized String: (디폴트)
Localization Resource: (C:/Program Files/Epic Games/UE_4.15/Engine/Content/Localization/Engine/ko/Engine.locres) Source String Hash: (940523119) Localized String: (기본)
[2017.06.02-08.19.22:412][  0]LogTextLocalizationManager:Warning: Loaded localization resources contain conflicting entries for (Namespace:UObjectToolTips, Key:AnimNode_AssetPlayerBase:InternalTimeAccumulator):
Localization Resource: (C:/Program Files/Epic Games/UE_4.15/Engine/Content/Localization/EditorTutorials/ko/EditorTutorials.locres) Source String Hash: (502993589) Localized String: (이 노드에서 애셋을 레퍼런싱하는 데 사용되는 누적 시간입니다.)
Localization Resource: (C:/Program Files/Epic Games/UE_4.15/Engine/Content/Localization/Engine/ko/Engine.locres) Source String Hash: (502993589) Localized String: (이 노드에서 애셋을 레퍼런싱하는 데 사용된 누적 시간입니다.)
[2017.06.02-08.19.22:412][  0]LogTextLocalizationManager:Warning: Loaded localization resources contain conflicting entries for (Namespace:UObjectToolTips, Key:AnimNode_AssetPlayerBase:bIgnoreForRelevancyTest):
Localization Resource: (C:/Program Files/Epic Games/UE_4.15/Engine/Content/Localization/EditorTutorials/ko/EditorTutorials.locres) Source String Hash: (319969718) Localized String: (True 면, 스테이트에서 최고 가중치 애니메이션을 찾는 "Relevant anim" 노드는 이 노드를 무시합니다.
 )
Localization Resource: (C:/Program Files/Epic Games/UE_4.15/Engine/Content/Localization/Engine/ko/Engine.locres) Source String Hash: (319969718) Localized String: (True 면 스테이트 내 최고 웨이팅된 애니메이션을 찾는 "Relevant anim" 노드가 무시됩니다.
 )
[2017.06.02-08.19.22:412][  0]LogTextLocalizationManager:Warning: Loaded localization resources contain conflicting entries for (Namespace:UObjectToolTips, Key:AnimNode_AssetPlayerBase:BlendWeight):
Localization Resource: (C:/Program Files/Epic Games/UE_4.15/Engine/Content/Localization/EditorTutorials/ko/EditorTutorials.locres) Source String Hash: (-1232800293) Localized String: (이 노드에 마지막 걸린 블렌드웨이트 입니다.)
Localization Resource: (C:/Program Files/Epic Games/UE_4.15/Engine/Content/Localization/Engine/ko/Engine.locres) Source String Hash: (-1232800293) Localized String: (이 노드에 대해 마지막 접한 블렌드 웨이트)
[2017.06.02-08.19.25:538][  0]LogD3D11RHI: D3D11 adapters:
[2017.06.02-08.19.25:820][  0]LogD3D11RHI:    0. 'NVIDIA GeForce GT 710' (Feature Level 11_0)
[2017.06.02-08.19.25:820][  0]LogD3D11RHI:       973/0/4074 MB DedicatedVideo/DedicatedSystem/SharedSystem, Outputs:1, VendorId:0x10de
[2017.06.02-08.19.25:821][  0]LogD3D11RHI:    1. 'Microsoft Basic Render Driver' (Feature Level 11_0)
[2017.06.02-08.19.25:821][  0]LogD3D11RHI:       0/0/4074 MB DedicatedVideo/DedicatedSystem/SharedSystem, Outputs:0, VendorId:0x1414
[2017.06.02-08.19.25:821][  0]LogD3D11RHI: Chosen D3D11 Adapter: 0
[2017.06.02-08.19.25:825][  0]LogD3D11RHI: Creating new Direct3DDevice
[2017.06.02-08.19.25:825][  0]LogD3D11RHI:     GPU DeviceId: 0x1289 (for the marketing name, search the web for "GPU Device Id")
[2017.06.02-08.19.25:825][  0]LogWindows: EnumDisplayDevices:
[2017.06.02-08.19.25:825][  0]LogWindows:    0. 'NVIDIA GeForce GT 710' (P:1 D:1)
[2017.06.02-08.19.25:826][  0]LogWindows:    1. 'NVIDIA GeForce GT 710' (P:0 D:0)
[2017.06.02-08.19.25:826][  0]LogWindows:    2. 'NVIDIA GeForce GT 710' (P:0 D:0)
[2017.06.02-08.19.25:826][  0]LogWindows: DebugString: FoundDriverCount:3 
[2017.06.02-08.19.25:826][  0]LogD3D11RHI:     Adapter Name: NVIDIA GeForce GT 710
[2017.06.02-08.19.25:826][  0]LogD3D11RHI:   Driver Version: 359.30 (internal:10.18.13.5930, unified:359.30)
[2017.06.02-08.19.25:826][  0]LogD3D11RHI:      Driver Date: 1-3-2016
[2017.06.02-08.19.25:826][  0]LogRHI: Texture pool is 681 MB (70% of 973 MB)
[2017.06.02-08.19.25:834][  0]LogD3D11RHI:Warning: Timestamp queries are currently disabled on this hardware due to instability. Realtime GPU stats will not be available. You can override this behaviour by setting r.NVIDIATimestampWorkaround to 0
[2017.06.02-08.19.25:835][  0]LogD3D11RHI: NvAPI_D3D_GetCurrentSLIState failed: 0xfffffff7
[2017.06.02-08.19.25:835][  0]LogD3D11RHI: Async texture creation enabled
[2017.06.02-08.19.26:059][  0]LogD3D11RHI: GPU Timing Frequency: 1000.000000 (Debug: 2 2)
[2017.06.02-08.19.26:107][  0]LogShaderCompilers: Guid format shader working directory is 9 characters bigger than the processId version (../../../../../../Users/400T6B/Desktop/Intermediate/Shaders/WorkingDirectory/1144/).
[2017.06.02-08.19.26:107][  0]LogShaderCompilers: Cleaned the shader compiler working directory 'C:/Users/400T6B/AppData/Local/Temp/UnrealShaderWorkingDir/A59CE62849E3D4835DBDFFB5982024C7/'.
[2017.06.02-08.19.26:107][  0]LogShaderCompilers:Display: Using Local Shader Compiler.
[2017.06.02-08.19.32:884][  0]LogTemp:Display: Loaded TP AllDesktopTargetPlatform
[2017.06.02-08.19.32:921][  0]LogTemp:Display: Loaded TP MacClientTargetPlatform
[2017.06.02-08.19.32:960][  0]LogTemp:Display: Loaded TP MacNoEditorTargetPlatform
[2017.06.02-08.19.32:998][  0]LogTemp:Display: Loaded TP MacServerTargetPlatform
[2017.06.02-08.19.33:051][  0]LogTemp:Display: Loaded TP MacTargetPlatform
[2017.06.02-08.19.33:088][  0]LogTemp:Display: Loaded TP WindowsClientTargetPlatform
[2017.06.02-08.19.33:125][  0]LogTemp:Display: Loaded TP WindowsNoEditorTargetPlatform
[2017.06.02-08.19.33:162][  0]LogTemp:Display: Loaded TP WindowsServerTargetPlatform
[2017.06.02-08.19.33:210][  0]LogTemp:Display: Loaded TP WindowsTargetPlatform
[2017.06.02-08.19.33:254][  0]LogTemp:Display: Loaded TP AndroidTargetPlatform
[2017.06.02-08.19.33:292][  0]LogTemp:Display: Loaded TP Android_ASTCTargetPlatform
[2017.06.02-08.19.33:328][  0]LogTemp:Display: Loaded TP Android_ATCTargetPlatform
[2017.06.02-08.19.33:364][  0]LogTemp:Display: Loaded TP Android_DXTTargetPlatform
[2017.06.02-08.19.33:400][  0]LogTemp:Display: Loaded TP Android_ETC1TargetPlatform
[2017.06.02-08.19.33:436][  0]LogTemp:Display: Loaded TP Android_ETC2TargetPlatform
[2017.06.02-08.19.33:512][  0]LogTemp:Display: Loaded TP Android_MultiTargetPlatform
[2017.06.02-08.19.33:512][  0]LogTemp:Display: Loaded TP Android_PVRTCTargetPlatform
[2017.06.02-08.19.33:535][  0]LogTemp:Display: Loaded TP HTML5TargetPlatform
[2017.06.02-08.19.33:660][  0]LogTemp:Display: Loaded TP IOSTargetPlatform
[2017.06.02-08.19.33:689][  0]LogTemp:Display: Loaded TP TVOSTargetPlatform
[2017.06.02-08.19.33:730][  0]LogTemp:Display: Loaded TP LinuxClientTargetPlatform
[2017.06.02-08.19.33:771][  0]LogTemp:Display: Loaded TP LinuxNoEditorTargetPlatform
[2017.06.02-08.19.33:812][  0]LogTemp:Display: Loaded TP LinuxServerTargetPlatform
[2017.06.02-08.19.33:857][  0]LogTemp:Display: Loaded TP LinuxTargetPlatform
[2017.06.02-08.19.33:857][  0]LogTargetPlatformManager:Display: Building Assets For Windows
[2017.06.02-08.19.35:220][  0]LogDerivedDataCache:Display: Max Cache Size: 512 MB
[2017.06.02-08.19.35:220][  0]LogDerivedDataCache:Display: Starting with empty Boot cache
[2017.06.02-08.19.35:221][  0]LogDerivedDataCache: FDerivedDataBackendGraph:  Pak pak cache file ../../../../../../Users/400T6B/Desktop/DerivedDataCache/DDC.ddp not found, will not use a pak cache.
[2017.06.02-08.19.35:221][  0]LogDerivedDataCache: Unable to find inner node Pak for hierarchical cache Hierarchy.
[2017.06.02-08.19.35:221][  0]LogDerivedDataCache: FDerivedDataBackendGraph:  CompressedPak pak cache file ../../../../../../Users/400T6B/Desktop/DerivedDataCache/Compressed.ddp not found, will not use a pak cache.
[2017.06.02-08.19.35:221][  0]LogDerivedDataCache: Unable to find inner node CompressedPak for hierarchical cache Hierarchy.
[2017.06.02-08.19.35:284][  0]LogDerivedDataCache:Display: Pak cache opened for reading ../../../Engine/DerivedDataCache/Compressed.ddp.
[2017.06.02-08.19.35:308][  0]LogDerivedDataCache: Using Local data cache path C:/Users/400T6B/AppData/Local/UnrealEngine/Common/DerivedDataCache: Writable
[2017.06.02-08.19.35:480][  0]LogSlate: Using Freetype 2.6.0
[2017.06.02-08.19.35:528][  0]LogSlate: SlateFontCache - WITH_FREETYPE: 1, WITH_HARFBUZZ: 1
[2017.06.02-08.19.35:528][  0]LogSlate: SlateFontCache - WITH_FREETYPE: 1, WITH_HARFBUZZ: 1
[2017.06.02-08.19.43:216][  0]LogInit: Selected Device Profile: [Windows]
[2017.06.02-08.19.43:292][  0]LogContentStreaming: Texture pool size is 0.00 MB
[2017.06.02-08.19.43:986][  0]LogMeshUtilities: Using QuadricMeshReduction for automatic static mesh reduction
[2017.06.02-08.19.44:129][  0]LogSimplygon: Simplygon DLL not present - disabling.
[2017.06.02-08.19.44:219][  0]LogMeshUtilities: Using SimplygonSwarm for distributed automatic mesh merging
[2017.06.02-08.19.44:219][  0]LogMeshUtilities: No automatic skeletal mesh reduction module available
[2017.06.02-08.19.44:219][  0]LogMeshUtilities: No automatic mesh merging module available
[2017.06.02-08.19.49:847][  0]LogNetVersion: GetLocalNetworkVersion: CL: 3299760, ProjectName: unrealendlessrunner, ProjectVersion: , EngineNetworkVersion: 2, GameNetworkVersion: 0, NetworkChecksum: 677389359
[2017.06.02-08.19.49:969][  0]LogAssetRegistry: FAssetRegistry took 0.0239 seconds to start up
[2017.06.02-08.19.50:047][  0]LogPackageLocalizationCache: Processed 3 localized package path(s) for 2 prioritized culture(s) in 0.048274 seconds
[2017.06.02-08.19.50:068][  0]LogUObjectArray: 32475 objects as part of root set at end of initial load.
[2017.06.02-08.19.50:068][  0]LogUObjectAllocator: 7073360 out of 0 bytes used by permanent object pool.
[2017.06.02-08.19.50:068][  0]LogUObjectArray: CloseDisregardForGC: 0/0 objects in disregard for GC pool
[2017.06.02-08.19.50:127][  0]LogInit: WinSock: version 1.1 (2.2), MaxSocks=32767, MaxUdp=65467
[2017.06.02-08.20.01:908][  0]LogTcpMessaging: Initializing TcpMessaging bridge
[2017.06.02-08.20.01:951][  0]LogUdpMessaging: Initializing bridge on interface 0.0.0.0:0 to multicast group 230.0.0.1:6666.
[2017.06.02-08.20.03:242][  0]LogMaterial: Uniform references updated for custom material expression Custom.
[2017.06.02-08.20.04:453][  0]SourceControl: 정보 소스 콘트롤이 꺼졌습니다.
[2017.06.02-08.20.04:474][  0]SourceControl: 정보 소스 콘트롤이 꺼졌습니다.
[2017.06.02-08.20.04:533][  0]SourceControl: 정보 소스 콘트롤이 꺼졌습니다.
[2017.06.02-08.20.04:588][  0]SourceControl: 정보 소스 콘트롤이 꺼졌습니다.
[2017.06.02-08.20.06:203][  0]LogEngine: Initializing Engine...
[2017.06.02-08.20.06:211][  0]LogHMD: Failed to initialize OpenVR with code 110
[2017.06.02-08.20.07:123][  0]LogAIModule: Creating AISystem for world Untitled
[2017.06.02-08.20.07:216][  0]LogInit: No audio devices found!
[2017.06.02-08.20.07:256][  0]LogDerivedDataCache: Saved boot cache 0.03s 50MB C:/Users/400T6B/AppData/Local/UnrealEngine/4.15/DerivedDataCache/Boot.ddc.
[2017.06.02-08.20.07:268][  0]LogInit: Texture streaming: Enabled
[2017.06.02-08.20.07:363][  0]LogEngineSessionManager: EngineSessionManager initialized
[2017.06.02-08.20.07:823][  0]LogInit: Transaction tracking system initialized
[2017.06.02-08.20.09:826][  0]BlueprintLog: New page: 에디터 로드
[2017.06.02-08.20.11:997][  0]LocalizationService: 정보 현지화 서비스가 비활성화되었습니다.
[2017.06.02-08.20.13:532][  0]LogConsoleResponse:Display: 
[2017.06.02-08.20.15:726][  0]LogFileCache: Scanning file cache for directory 'C:/Users/400T6B/Desktop/Content/' took 0.01s
[2017.06.02-08.20.15:726][  0]LogCook:Display: Max memory allowance for cook 16384mb min free memory 0mb
[2017.06.02-08.20.15:726][  0]LogCook:Display: Mobile HDR setting 1
[2017.06.02-08.20.18:558][  0]SourceControl: 정보 소스 콘트롤이 꺼졌습니다.
[2017.06.02-08.20.18:674][  0]Cmd: MAP LOAD FILE="../../../../../../Users/400T6B/Desktop/Content/ThirdPersonBP/Maps/ThirdPersonExampleMap.umap" TEMPLATE=0 SHOWPROGRESS=1 FEATURELEVEL=3
[2017.06.02-08.20.18:692][  0]LightingResults: New page: 라이팅 빌드
[2017.06.02-08.20.19:099][  0]MapCheck: New page: 맵 체크
[2017.06.02-08.20.19:099][  0]LightingResults: New page: 라이팅 빌드
[2017.06.02-08.20.21:782][  0]LogMaterial: Missing cached shader map for material M_GhostDash, compiling. 
[2017.06.02-08.20.21:811][  0]LogTemp:Display: Added material ShaderMap 0x0000005311117900 with Material 0x000000530369FE80 to ShaderMapsBeingCompiled
[2017.06.02-08.20.21:912][  0]LogTemp:Display: Kicking off shader compilation for M_GhostDash, GameThreadShaderMap 0x0000005311117900
[2017.06.02-08.20.24:741][  0]LogAIModule: Creating AISystem for world ThirdPersonExampleMap
[2017.06.02-08.20.25:327][  0]LogEditorServer: Finished looking for orphan Actors (0.000 secs)
[2017.06.02-08.20.25:357][  0]Cmd: MAP CHECKDEP NOCLEARLOG
[2017.06.02-08.20.25:396][  0]MapCheck: 정보 맵 체크 완료: 오류 0 회, 경고 0 회, 소요 시간 38.291ms.
[2017.06.02-08.20.25:396][  0]LogFileHelpers: Loading map 'ThirdPersonExampleMap' took 6.779
[2017.06.02-08.20.26:791][  0]LogCollectionManager: Loaded 1 collections in 0.007880 seconds
[2017.06.02-08.20.27:012][  0]LogFileCache: Scanning file cache for directory 'C:/Users/400T6B/Desktop/Saved/Collections/' took 0.01s
[2017.06.02-08.20.27:012][  0]LogFileCache: Scanning file cache for directory 'C:/Users/400T6B/Desktop/Content/Developers/400T6B/Collections/' took 0.01s
[2017.06.02-08.20.27:012][  0]LogFileCache: Scanning file cache for directory 'C:/Users/400T6B/Desktop/Content/Collections/' took 0.01s
[2017.06.02-08.20.27:012][  0]LogCollectionManager: Rebuilt the GUID cache for 1 collections in 0.000009 seconds
[2017.06.02-08.20.27:012][  0]LogCollectionManager: Rebuilt the hierarchy cache for 1 collections in 0.000001 seconds
[2017.06.02-08.20.27:023][  0]LogContentBrowser: Native class hierarchy populated in 0.0094 seconds. Added 2244 classes and 450 folders.
[2017.06.02-08.20.27:054][  0]LogStats: UGameplayTagsManager::ConstructGameplayTagTree: Construct from data asset -  0.000 s
[2017.06.02-08.20.27:054][  0]LogStats: UGameplayTagsManager::ConstructGameplayTagTree: GameplayTagTreeChangedEvent.Broadcast -  0.000 s
[2017.06.02-08.20.27:141][  0]LogContentBrowser: Native class hierarchy updated for 'WidgetCarousel' in 0.0005 seconds. Added 0 classes and 0 folders.
[2017.06.02-08.20.28:882][  0]LogContentBrowser: Native class hierarchy updated for 'AddContentDialog' in 0.0005 seconds. Added 0 classes and 0 folders.
[2017.06.02-08.20.28:959][  0]LogContentBrowser: Native class hierarchy updated for 'SceneOutliner' in 0.0006 seconds. Added 1 classes and 2 folders.
[2017.06.02-08.20.29:383][  0]LogCrashTracker: Crashtracker disabled due to settings.
[2017.06.02-08.20.29:884][  0]LogContentBrowser: Native class hierarchy updated for 'HierarchicalLODOutliner' in 0.0005 seconds. Added 1 classes and 2 folders.
[2017.06.02-08.20.29:884][  0]LogLoad: (Engine Initialization) Total time: 79.94 seconds
[2017.06.02-08.20.29:884][  0]LogLoad: (Engine Initialization) Total Blueprint compile time: 1.16 seconds
[2017.06.02-08.20.29:884][  0]LogExternalProfiler: No external profilers were discovered.  External profiling features will not be available.
[2017.06.02-08.20.30:225][  0]LogOcInput: OculusInput pre-init called
[2017.06.02-08.20.30:305][  0]LogContentStreaming: Texture pool size now 1000 MB
[2017.06.02-08.20.30:429][  0]LogSlate: Took 0.036142 seconds to synchronously load lazily loaded font '../../../Engine/Content/Slate/Fonts/Roboto-Regular.ttf' (155K)
[2017.06.02-08.20.30:583][  0]LogSlate: Took 0.150778 seconds to synchronously load lazily loaded font '../../../Engine/Content/Slate/Fonts/NanumGothic.ttf' (4243K)
[2017.06.02-08.20.30:606][  0]LogSlate: Took 0.020892 seconds to synchronously load lazily loaded font '../../../Engine/Content/Slate/Fonts/Roboto-Bold.ttf' (160K)
[2017.06.02-08.20.30:669][  0]LogSlate: Took 0.020513 seconds to synchronously load lazily loaded font '../../../Engine/Content/Editor/Slate/Fonts/FontAwesome.ttf' (139K)
[2017.06.02-08.20.31:441][  0]LogRenderer: Reallocating scene render targets to support 1208x576 NumSamples 1 (Frame:2).
[2017.06.02-08.20.31:772][  0]LogSlate: Took 0.016353 seconds to synchronously load lazily loaded font '../../../Engine/Content/Slate/Fonts/Roboto-Light.ttf' (159K)
[2017.06.02-08.20.31:919][  1]LogFileCache: Retrieving MD5 hashes for directory 'C:/Users/400T6B/Desktop/Content/' took 1.67s
[2017.06.02-08.20.32:277][  2]LogSlate: Took 0.000297 seconds to synchronously load lazily loaded font '../../../Engine/Content/Slate/Fonts/Roboto-Light.ttf' (159K)
[2017.06.02-08.20.32:589][  3]LogAssetRegistry: Asset discovery search completed in 42.6422 seconds
[2017.06.02-08.20.32:589][  3]LogCollectionManager: Rebuilt the object cache for 1 collections in 0.000005 seconds (found 0 objects)
[2017.06.02-08.20.32:589][  3]LogCollectionManager: Fixed up redirectors for 1 collections in 0.000018 seconds (updated 0 objects)
[2017.06.02-08.20.36:245][ 13]LogAudioDerivedData:Display: OGG 압축 오디오 포맷 EffectItemPickUp 웨이브 빌드중...
[2017.06.02-08.20.37:356][ 13]LogAudioDerivedData:Warning: Updated SoundWave->RawPCMDataSize during cooking SoundWave /Game/EffectItemPickUp.EffectItemPickUp.
[2017.06.02-08.20.37:437][ 14]LogSynthBenchmark:Display: FSynthBenchmark (V0.95):  requested WorkScale=5.00
[2017.06.02-08.20.37:437][ 14]LogSynthBenchmark:Display: ===============
[2017.06.02-08.20.37:437][ 14]LogSynthBenchmark:Display: Main Processor:
[2017.06.02-08.20.37:667][ 14]LogSynthBenchmark:Display:          ... 0.021762 s/Run 'RayIntersect'
[2017.06.02-08.20.37:667][ 14]LogSynthBenchmark:Display:          ... 0.024353 s/Run 'Fractal'
[2017.06.02-08.20.37:667][ 14]LogSynthBenchmark:Display: 
[2017.06.02-08.20.37:667][ 14]LogSynthBenchmark:Display:   CompiledTarget_x_Bits: 64
[2017.06.02-08.20.37:667][ 14]LogSynthBenchmark:Display:   UE_BUILD_SHIPPING: 0
[2017.06.02-08.20.37:667][ 14]LogSynthBenchmark:Display:   UE_BUILD_TEST: 0
[2017.06.02-08.20.37:667][ 14]LogSynthBenchmark:Display:   UE_BUILD_DEBUG: 0
[2017.06.02-08.20.37:667][ 14]LogSynthBenchmark:Display:   TotalPhysicalGBRam: 8
[2017.06.02-08.20.37:667][ 14]LogSynthBenchmark:Display:   NumberOfCores (physical): 4
[2017.06.02-08.20.37:667][ 14]LogSynthBenchmark:Display:   NumberOfCores (logical): 4
[2017.06.02-08.20.37:667][ 14]LogSynthBenchmark:Display:   CPU Perf Index 0: 117.7 (weight 1.00)
[2017.06.02-08.20.37:667][ 14]LogSynthBenchmark:Display:   CPU Perf Index 1: 117.4 (weight 1.50)
[2017.06.02-08.20.37:667][ 14]LogSynthBenchmark:Display:  
[2017.06.02-08.20.37:667][ 14]LogSynthBenchmark:Display: Graphics:
[2017.06.02-08.20.37:667][ 14]LogSynthBenchmark:Display:   Adapter Name: 'NVIDIA GeForce GT 710'
[2017.06.02-08.20.37:667][ 14]LogSynthBenchmark:Display:   (On Optimus the name might be wrong, memory should be ok)
[2017.06.02-08.20.37:667][ 14]LogSynthBenchmark:Display:   Vendor Id: 0x10DE
[2017.06.02-08.20.37:668][ 14]LogSynthBenchmark:Display:   Device Id: 0x1289
[2017.06.02-08.20.37:668][ 14]LogSynthBenchmark:Display:   Device Revision: 0xA1
[2017.06.02-08.20.37:668][ 14]LogSynthBenchmark:Display:   GPU Memory: 974/0/4075 MB
[2017.06.02-08.20.37:900][ 14]LogSynthBenchmark:Display:   GPU first test: 0.15s
[2017.06.02-08.20.37:900][ 14]LogSynthBenchmark:Display:          ... 0.130 s/GigaPix, Confidence=100% 'ALUHeavyNoise' (likely to be very inaccurate)
[2017.06.02-08.20.37:900][ 14]LogSynthBenchmark:Display:          ... 0.116 s/GigaPix, Confidence=100% 'TexHeavy' (likely to be very inaccurate)
[2017.06.02-08.20.37:900][ 14]LogSynthBenchmark:Display:          ... 0.107 s/GigaPix, Confidence=100% 'DepTexHeavy' (likely to be very inaccurate)
[2017.06.02-08.20.37:900][ 14]LogSynthBenchmark:Display:          ... 0.578 s/GigaPix, Confidence=100% 'FillOnly' (likely to be very inaccurate)
[2017.06.02-08.20.37:900][ 14]LogSynthBenchmark:Display:          ... 0.015 s/GigaPix, Confidence=100% 'Bandwidth' (likely to be very inaccurate)
[2017.06.02-08.20.37:900][ 14]LogSynthBenchmark:Display:          ... 0.062 s/GigaVert, Confidence=70% 'VertThroughPut1' (likely to be very inaccurate)
[2017.06.02-08.20.37:900][ 14]LogSynthBenchmark:Display:          ... 0.137 s/GigaVert, Confidence=100% 'VertThroughPut2' (likely to be very inaccurate)
[2017.06.02-08.20.37:900][ 14]LogSynthBenchmark:Display:   GPU Final Results:
[2017.06.02-08.20.37:900][ 14]LogSynthBenchmark:Display:          ... 0.130 s/GigaPix, Confidence=100% 'ALUHeavyNoise'
[2017.06.02-08.20.37:900][ 14]LogSynthBenchmark:Display:          ... 0.116 s/GigaPix, Confidence=100% 'TexHeavy'
[2017.06.02-08.20.37:900][ 14]LogSynthBenchmark:Display:          ... 0.107 s/GigaPix, Confidence=100% 'DepTexHeavy'
[2017.06.02-08.20.37:900][ 14]LogSynthBenchmark:Display:          ... 0.578 s/GigaPix, Confidence=100% 'FillOnly'
[2017.06.02-08.20.37:900][ 14]LogSynthBenchmark:Display:          ... 0.015 s/GigaPix, Confidence=100% 'Bandwidth'
[2017.06.02-08.20.37:900][ 14]LogSynthBenchmark:Display:          ... 0.062 s/GigaVert, Confidence=70% 'VertThroughPut1'
[2017.06.02-08.20.37:900][ 14]LogSynthBenchmark:Display:          ... 0.137 s/GigaVert, Confidence=100% 'VertThroughPut2'
[2017.06.02-08.20.37:900][ 14]LogSynthBenchmark:Display: 
[2017.06.02-08.20.37:900][ 14]LogSynthBenchmark:Display:   GPU Perf Index 0: 2.8 (weight 1.00)
[2017.06.02-08.20.37:900][ 14]LogSynthBenchmark:Display:   GPU Perf Index 1: 1.6 (weight 0.10)
[2017.06.02-08.20.37:900][ 14]LogSynthBenchmark:Display:   GPU Perf Index 2: 2.8 (weight 0.10)
[2017.06.02-08.20.37:900][ 14]LogSynthBenchmark:Display:   GPU Perf Index 3: 2.3 (weight 3.00)
[2017.06.02-08.20.37:900][ 14]LogSynthBenchmark:Display:   GPU Perf Index 4: 1.4 (weight 1.00)
[2017.06.02-08.20.37:900][ 14]LogSynthBenchmark:Display:   GPU Perf Index 5: 4.0 (weight 0.00)
[2017.06.02-08.20.37:900][ 14]LogSynthBenchmark:Display:   GPU Perf Index 6: 7.7 (weight 0.00)
[2017.06.02-08.20.37:900][ 14]LogSynthBenchmark:Display:   CPUIndex: 117.5
[2017.06.02-08.20.37:900][ 14]LogSynthBenchmark:Display:   GPUIndex: 2.2
[2017.06.02-08.20.37:900][ 14]LogSynthBenchmark:Display: 
[2017.06.02-08.20.37:900][ 14]LogSynthBenchmark:Display:          ... Total Time: 0.463227 sec
[2017.06.02-08.21.03:047][ 89]LogTemp:Display: Finished compile of shader map 0x0000005311117900
[2017.06.02-08.21.03:047][ 89]LogTemp:Display: Shader map M_GhostDash complete, GameThreadShaderMap 0x0000005311117900, marking material M_GhostDash as finished
[2017.06.02-08.21.03:047][ 89]LogTemp:Display: Marking material as finished 0x000000530369FE80
[2017.06.02-08.27.07:134][402]LogSlate: Took 0.000140 seconds to synchronously load lazily loaded font '../../../Engine/Content/Slate/Fonts/Roboto-Light.ttf' (159K)
[2017.06.02-08.27.07:990][402]LogSlate: Took 0.000206 seconds to synchronously load lazily loaded font '../../../Engine/Content/Slate/Fonts/Roboto-Regular.ttf' (155K)
[2017.06.02-08.27.08:157][402]LogTexture:Display: 텍스처 빌드중: HQ_Lightmap0_1 (AutoDXT)
[2017.06.02-08.27.08:201][402]LogTexture:Display: 텍스처 빌드중: LQ_Lightmap_0_1 (DXT1)
[2017.06.02-08.27.08:201][402]LogTexture:Display: 텍스처 빌드중: ShadowMapTexture2D_0 (G8)
[2017.06.02-08.27.08:202][402]LogAIModule: Creating AISystem for world NewMap
[2017.06.02-08.27.08:299][402]Cmd: MAP LOAD FILE="../../../../../../Users/400T6B/Desktop/Content/Maps/NewMap.umap" TEMPLATE=0 SHOWPROGRESS=1 FEATURELEVEL=3
[2017.06.02-08.27.08:299][402]LightingResults: New page: 라이팅 빌드
[2017.06.02-08.27.08:301][402]LoadErrors: New page: 맵 로드중: NewMap.umap
[2017.06.02-08.27.08:325][402]MapCheck: New page: 맵 체크
[2017.06.02-08.27.08:325][402]LightingResults: New page: 라이팅 빌드
[2017.06.02-08.27.08:382][402]LogEditorServer: Finished looking for orphan Actors (0.000 secs)
[2017.06.02-08.27.08:410][402]Cmd: MAP CHECKDEP NOCLEARLOG
[2017.06.02-08.27.08:446][402]MapCheck: 정보 맵 체크 완료: 오류 0 회, 경고 0 회, 소요 시간 35.223ms.
[2017.06.02-08.27.08:446][402]LogFileHelpers: Loading map 'NewMap' took 0.153
[2017.06.02-08.28.00:902][714]Cmd: QUIT_EDITOR
[2017.06.02-08.28.01:017][714]LogWindowsTextInputMethodSystem:Display: IME system now activated using TSF (Microsoft 입력기).
[2017.06.02-08.28.01:042][714]LogExit: Preparing to exit.
[2017.06.02-08.28.01:898][714]LogDirectoryWatcher: A directory notification for 'C:/Users/400T6B/Desktop/Content/' was aborted.
[2017.06.02-08.28.01:931][714]LogExit: Editor shut down
[2017.06.02-08.28.01:932][714]LogExit: Transaction tracking system shut down
[2017.06.02-08.28.02:230][714]LogObj: Freed 0b from 0 cluster array pools.
[2017.06.02-08.28.02:230][714]LogExit: Object subsystem successfully closed.
[2017.06.02-08.28.02:279][714]LogD3D11RHI: Shutdown
[2017.06.02-08.28.02:279][714]LogD3D11RHI: CleanupD3DDevice
[2017.06.02-08.28.02:337][714]LogD3D11RHI: ~FD3D11DynamicRHI
[2017.06.02-08.28.02:572][714]LogModuleManager: Shutting down and abandoning module SynthBenchmark (498)
[2017.06.02-08.28.02:572][714]LogModuleManager: Shutting down and abandoning module HierarchicalLODOutliner (496)
[2017.06.02-08.28.02:572][714]LogModuleManager: Shutting down and abandoning module CrashTracker (494)
[2017.06.02-08.28.02:572][714]LogModuleManager: Shutting down and abandoning module SceneOutliner (492)
[2017.06.02-08.28.02:572][714]LogModuleManager: Shutting down and abandoning module AddContentDialog (490)
[2017.06.02-08.28.02:572][714]LogDirectoryWatcher: A directory notification for 'C:/Program Files/Epic Games/UE_4.15/FeaturePacks/' was aborted.
[2017.06.02-08.28.02:573][714]LogModuleManager: Shutting down and abandoning module WidgetCarousel (489)
[2017.06.02-08.28.02:573][714]LogModuleManager: Shutting down and abandoning module EditorWidgets (486)
[2017.06.02-08.28.02:573][714]LogModuleManager: Shutting down and abandoning module CollectionManager (484)
[2017.06.02-08.28.02:573][714]LogDirectoryWatcher: A directory notification for 'C:/Users/400T6B/Desktop/Content/Collections/' was aborted.
[2017.06.02-08.28.02:573][714]LogDirectoryWatcher: A directory notification for 'C:/Users/400T6B/Desktop/Content/Developers/400T6B/Collections/' was aborted.
[2017.06.02-08.28.02:573][714]LogDirectoryWatcher: A directory notification for 'C:/Users/400T6B/Desktop/Saved/Collections/' was aborted.
[2017.06.02-08.28.02:573][714]LogModuleManager: Shutting down and abandoning module StatsViewer (482)
[2017.06.02-08.28.02:573][714]LogModuleManager: Shutting down and abandoning module FoliageEdit (480)
[2017.06.02-08.28.02:573][714]LogModuleManager: Shutting down and abandoning module LandscapeEditor (478)
[2017.06.02-08.28.02:574][714]LogModuleManager: Shutting down and abandoning module SceneDepthPickerMode (476)
[2017.06.02-08.28.02:574][714]LogModuleManager: Shutting down and abandoning module ActorPickerMode (474)
[2017.06.02-08.28.02:574][714]LogModuleManager: Shutting down and abandoning module GeometryMode (472)
[2017.06.02-08.28.02:574][714]LogModuleManager: Shutting down and abandoning module TextureAlignMode (470)
[2017.06.02-08.28.02:574][714]LogModuleManager: Shutting down and abandoning module BspMode (468)
[2017.06.02-08.28.02:574][714]LogModuleManager: Shutting down and abandoning module HardwareSurvey (466)
[2017.06.02-08.28.02:574][714]LogModuleManager: Shutting down and abandoning module SequenceRecorderSections (464)
[2017.06.02-08.28.02:574][714]LogModuleManager: Shutting down and abandoning module AutomationWorker (462)
[2017.06.02-08.28.02:574][714]LogModuleManager: Shutting down and abandoning module MatineeToLevelSequence (460)
[2017.06.02-08.28.02:574][714]LogModuleManager: Shutting down and abandoning module LevelSequenceEditor (458)
[2017.06.02-08.28.02:595][714]LogModuleManager: Shutting down and abandoning module PlacementMode (457)
[2017.06.02-08.28.02:595][714]LogModuleManager: Shutting down and abandoning module WmfMediaFactory (454)
[2017.06.02-08.28.02:595][714]LogModuleManager: Shutting down and abandoning module WmfMediaEditor (452)
[2017.06.02-08.28.02:595][714]LogModuleManager: Shutting down and abandoning module MfMediaFactory (450)
[2017.06.02-08.28.02:595][714]LogModuleManager: Shutting down and abandoning module MfMediaEditor (448)
[2017.06.02-08.28.02:596][714]LogModuleManager: Shutting down and abandoning module AvfMediaFactory (446)
[2017.06.02-08.28.02:596][714]LogModuleManager: Shutting down and abandoning module AvfMediaEditor (444)
[2017.06.02-08.28.02:596][714]LogModuleManager: Shutting down and abandoning module AndroidMediaFactory (442)
[2017.06.02-08.28.02:596][714]LogModuleManager: Shutting down and abandoning module Media (441)
[2017.06.02-08.28.02:596][714]LogModuleManager: Shutting down and abandoning module AndroidMediaEditor (438)
[2017.06.02-08.28.02:596][714]LogModuleManager: Shutting down and abandoning module CharacterAI (436)
[2017.06.02-08.28.02:596][714]LogModuleManager: Shutting down and abandoning module AudioCapture (434)
[2017.06.02-08.28.02:596][714]LogModuleManager: Shutting down and abandoning module SequenceRecorder (433)
[2017.06.02-08.28.02:596][714]LogModuleManager: Shutting down and abandoning module SmartSnapping (430)
[2017.06.02-08.28.02:596][714]LogModuleManager: Shutting down and abandoning module SessionServices (428)
[2017.06.02-08.28.02:596][714]LogModuleManager: Shutting down and abandoning module ViewportSnapping (426)
[2017.06.02-08.28.02:596][714]LogModuleManager: Shutting down and abandoning module ViewportInteraction (424)
[2017.06.02-08.28.02:596][714]LogModuleManager: Shutting down and abandoning module LogVisualizer (422)
[2017.06.02-08.28.02:609][714]LogModuleManager: Shutting down and abandoning module IntroTutorials (420)
[2017.06.02-08.28.02:609][714]LogModuleManager: Shutting down and abandoning module GameProjectGeneration (419)
[2017.06.02-08.28.02:621][714]LogModuleManager: Shutting down and abandoning module EditorLiveStreaming (416)
[2017.06.02-08.28.02:622][714]LogModuleManager: Shutting down and abandoning module IOSPlatformEditor (414)
[2017.06.02-08.28.02:622][714]LogModuleManager: Shutting down and abandoning module HTML5PlatformEditor (412)
[2017.06.02-08.28.02:622][714]LogModuleManager: Shutting down and abandoning module AndroidPlatformEditor (410)
[2017.06.02-08.28.02:622][714]LogModuleManager: Shutting down and abandoning module AndroidDeviceDetection (409)
[2017.06.02-08.28.02:837][714]LogModuleManager: Shutting down and abandoning module IOSRuntimeSettings (406)
[2017.06.02-08.28.02:837][714]LogModuleManager: Shutting down and abandoning module AndroidRuntimeSettings (404)
[2017.06.02-08.28.02:837][714]LogModuleManager: Shutting down and abandoning module InputBindingEditor (402)
[2017.06.02-08.28.02:837][714]LogModuleManager: Shutting down and abandoning module NiagaraEditor (400)
[2017.06.02-08.28.02:924][714]LogModuleManager: Shutting down and abandoning module MergeActors (398)
[2017.06.02-08.28.02:927][714]LogModuleManager: Shutting down and abandoning module SizeMap (396)
[2017.06.02-08.28.02:927][714]LogModuleManager: Shutting down and abandoning module TreeMap (394)
[2017.06.02-08.28.02:932][714]LogModuleManager: Shutting down and abandoning module ReferenceViewer (392)
[2017.06.02-08.28.02:932][714]LogModuleManager: Shutting down and abandoning module LocalizationDashboard (390)
[2017.06.02-08.28.02:937][714]LogModuleManager: Shutting down and abandoning module LocalizationService (389)
[2017.06.02-08.28.02:946][714]LogModuleManager: Shutting down and abandoning module HardwareTargeting (386)
[2017.06.02-08.28.02:946][714]LogModuleManager: Shutting down and abandoning module DeviceProfileEditor (384)
[2017.06.02-08.28.02:948][714]LogModuleManager: Shutting down and abandoning module UndoHistory (382)
[2017.06.02-08.28.02:948][714]LogModuleManager: Shutting down and abandoning module UserFeedback (380)
[2017.06.02-08.28.02:948][714]LogModuleManager: Shutting down and abandoning module XmlParser (378)
[2017.06.02-08.28.02:948][714]LogModuleManager: Shutting down and abandoning module Blutility (376)
[2017.06.02-08.28.02:948][714]LogModuleManager: Shutting down and abandoning module ProjectSettingsViewer (374)
[2017.06.02-08.28.02:948][714]LogModuleManager: Shutting down and abandoning module ProjectTargetPlatformEditor (373)
[2017.06.02-08.28.02:948][714]LogModuleManager: Shutting down and abandoning module EditorSettingsViewer (370)
[2017.06.02-08.28.02:948][714]LogModuleManager: Shutting down and abandoning module SettingsEditor (368)
[2017.06.02-08.28.02:948][714]LogModuleManager: Shutting down and abandoning module ProjectLauncher (366)
[2017.06.02-08.28.02:956][714]LogModuleManager: Shutting down and abandoning module SessionFrontend (364)
[2017.06.02-08.28.02:959][714]LogModuleManager: Shutting down and abandoning module ProfilerClient (362)
[2017.06.02-08.28.02:959][714]LogModuleManager: Shutting down and abandoning module DeviceManager (360)
[2017.06.02-08.28.02:969][714]LogModuleManager: Shutting down and abandoning module TargetDeviceServices (359)
[2017.06.02-08.28.03:011][714]LogModuleManager: Shutting down and abandoning module AutomationController (356)
[2017.06.02-08.28.03:011][714]LogModuleManager: Shutting down and abandoning module AutomationWindow (354)
[2017.06.02-08.28.03:025][714]LogModuleManager: Shutting down and abandoning module Layers (352)
[2017.06.02-08.28.03:039][714]LogModuleManager: Shutting down and abandoning module ComponentVisualizers (350)
[2017.06.02-08.28.03:039][714]LogModuleManager: Shutting down and abandoning module DetailCustomizations (348)
[2017.06.02-08.28.03:046][714]LogModuleManager: Shutting down and abandoning module PackagesDialog (346)
[2017.06.02-08.28.03:046][714]LogModuleManager: Shutting down and abandoning module Persona (344)
[2017.06.02-08.28.03:054][714]LogModuleManager: Shutting down and abandoning module AnimGraph (343)
[2017.06.02-08.28.03:054][714]LogModuleManager: Shutting down and abandoning module Kismet (340)
[2017.06.02-08.28.03:054][714]LogModuleManager: Shutting down and abandoning module GraphEditor (338)
[2017.06.02-08.28.03:087][714]LogModuleManager: Shutting down and abandoning module ClassViewer (336)
[2017.06.02-08.28.03:090][714]LogModuleManager: Shutting down and abandoning module Toolbox (334)
[2017.06.02-08.28.03:090][714]LogModuleManager: Shutting down and abandoning module ModuleUI (332)
[2017.06.02-08.28.03:097][714]LogModuleManager: Shutting down and abandoning module MovieSceneTools (330)
[2017.06.02-08.28.03:106][714]LogModuleManager: Shutting down and abandoning module OutputLog (328)
[2017.06.02-08.28.03:106][714]LogModuleManager: Shutting down and abandoning module GammaUI (326)
[2017.06.02-08.28.03:112][714]LogModuleManager: Shutting down and abandoning module Documentation (324)
[2017.06.02-08.28.03:112][714]LogModuleManager: Shutting down and abandoning module Niagara (322)
[2017.06.02-08.28.03:112][714]LogModuleManager: Shutting down and abandoning module StreamingPauseRendering (320)
[2017.06.02-08.28.03:112][714]LogModuleManager: Shutting down and abandoning module AnalyticsET (318)
[2017.06.02-08.28.03:112][714]LogModuleManager: Shutting down and abandoning module PortalServices (316)
[2017.06.02-08.28.03:112][714]LogModuleManager: Shutting down and abandoning module PortalRpc (314)
[2017.06.02-08.28.03:112][714]LogModuleManager: Shutting down and abandoning module MessagingRpc (312)
[2017.06.02-08.28.03:112][714]LogModuleManager: Shutting down and abandoning module AIModule (310)
[2017.06.02-08.28.03:112][714]LogModuleManager: Shutting down and abandoning module GameplayDebugger (309)
[2017.06.02-08.28.03:112][714]LogModuleManager: Shutting down and abandoning module AITestSuite (307)
[2017.06.02-08.28.03:112][714]LogModuleManager: Shutting down and abandoning module ProfilerService (304)
[2017.06.02-08.28.03:234][714]LogModuleManager: Shutting down and abandoning module TaskGraph (302)
[2017.06.02-08.28.03:247][714]LogModuleManager: Shutting down and abandoning module SteamVRController (300)
[2017.06.02-08.28.03:247][714]LogModuleManager: Shutting down and abandoning module SteamVR (298)
[2017.06.02-08.28.03:247][714]LogModuleManager: Shutting down and abandoning module ProceduralMeshComponentEditor (296)
[2017.06.02-08.28.03:247][714]LogModuleManager: Shutting down and abandoning module ProceduralMeshComponent (294)
[2017.06.02-08.28.03:247][714]LogModuleManager: Shutting down and abandoning module OculusLibrary (292)
[2017.06.02-08.28.03:247][714]LogModuleManager: Shutting down and abandoning module OculusInput (290)
[2017.06.02-08.28.03:247][714]LogModuleManager: Shutting down and abandoning module MobilePatchingUtils (288)
[2017.06.02-08.28.03:247][714]LogModuleManager: Shutting down and abandoning module CustomMeshComponent (286)
[2017.06.02-08.28.03:247][714]LogModuleManager: Shutting down and abandoning module CableComponent (284)
[2017.06.02-08.28.03:247][714]LogModuleManager: Shutting down and abandoning module ArchVisCharacter (282)
[2017.06.02-08.28.03:247][714]LogModuleManager: Shutting down and abandoning module MediaPlayerEditor (278)
[2017.06.02-08.28.03:262][714]LogModuleManager: Shutting down and abandoning module HTML5Networking (276)
[2017.06.02-08.28.03:262][714]LogModuleManager: Shutting down and abandoning module AlembicImporter (274)
[2017.06.02-08.28.03:274][714]LogModuleManager: Shutting down and abandoning module AlembicLibrary (273)
[2017.06.02-08.28.03:274][714]LogModuleManager: Shutting down and abandoning module GeometryCache (272)
[2017.06.02-08.28.03:274][714]LogModuleManager: Shutting down and abandoning module GeometryCacheEd (271)
[2017.06.02-08.28.03:274][714]LogModuleManager: Shutting down and abandoning module SuperSearchEditor (266)
[2017.06.02-08.28.03:274][714]LogModuleManager: Shutting down and abandoning module SuperSearch (265)
[2017.06.02-08.28.03:274][714]LogModuleManager: Shutting down and abandoning module SpeedTreeImporter (262)
[2017.06.02-08.28.03:274][714]LogModuleManager: Shutting down and abandoning module PluginBrowser (260)
[2017.06.02-08.28.03:280][714]LogModuleManager: Shutting down and abandoning module MobileLauncherProfileWizard (258)
[2017.06.02-08.28.03:286][714]LogModuleManager: Shutting down and abandoning module EpicSurvey (256)
[2017.06.02-08.28.03:286][714]LogModuleManager: Shutting down and abandoning module VisualStudioSourceCodeAccess (254)
[2017.06.02-08.28.03:286][714]LogModuleManager: Shutting down and abandoning module DesktopPlatform (253)
[2017.06.02-08.28.03:286][714]LogModuleManager: Shutting down and abandoning module UObjectPlugin (250)
[2017.06.02-08.28.03:286][714]LogModuleManager: Shutting down and abandoning module SubversionSourceControl (248)
[2017.06.02-08.28.03:286][714]LogModuleManager: Shutting down and abandoning module PerforceSourceControl (246)
[2017.06.02-08.28.03:295][714]LogModuleManager: Shutting down and abandoning module GitSourceControl (244)
[2017.06.02-08.28.03:295][714]LogModuleManager: Shutting down and abandoning module SourceControl (243)
[2017.06.02-08.28.03:295][714]LogModuleManager: Shutting down and abandoning module LightPropagationVolumeEditor (240)
[2017.06.02-08.28.03:295][714]LogModuleManager: Shutting down and abandoning module PaperTiledImporter (238)
[2017.06.02-08.28.03:295][714]LogModuleManager: Shutting down and abandoning module PaperSpriteSheetImporter (236)
[2017.06.02-08.28.03:295][714]LogModuleManager: Shutting down and abandoning module Paper2DEditor (234)
[2017.06.02-08.28.03:312][714]LogModuleManager: Shutting down and abandoning module MeshPaint (233)
[2017.06.02-08.28.03:312][714]LogModuleManager: Shutting down and abandoning module LevelEditor (231)
[2017.06.02-08.28.03:313][714]LogModuleManager: Shutting down and abandoning module PixelInspectorModule (230)
[2017.06.02-08.28.03:313][714]LogModuleManager: Shutting down and abandoning module MainFrame (228)
[2017.06.02-08.28.03:313][714]LogModuleManager: Shutting down and abandoning module HotReload (227)
[2017.06.02-08.28.03:314][714]LogModuleManager: Shutting down and abandoning module ContentBrowser (223)
[2017.06.02-08.28.03:314][714]LogModuleManager: Shutting down and abandoning module PhysXVehiclesEditor (220)
[2017.06.02-08.28.03:314][714]LogModuleManager: Shutting down and abandoning module PhysXVehicles (218)
[2017.06.02-08.28.03:314][714]LogModuleManager: Shutting down and abandoning module LocationServicesBPLibrary (216)
[2017.06.02-08.28.03:314][714]LogModuleManager: Shutting down and abandoning module UdpMessaging (214)
[2017.06.02-08.28.03:415][714]LogModuleManager: Shutting down and abandoning module TcpMessaging (212)
[2017.06.02-08.28.03:515][714]LogModuleManager: Shutting down and abandoning module GameplayTagsEditor (210)
[2017.06.02-08.28.03:575][714]LogModuleManager: Shutting down and abandoning module FacialAnimationEditor (208)
[2017.06.02-08.28.03:581][714]LogModuleManager: Shutting down and abandoning module FacialAnimation (206)
[2017.06.02-08.28.03:581][714]LogModuleManager: Shutting down and abandoning module LightPropagationVolumeRuntime (204)
[2017.06.02-08.28.03:581][714]LogModuleManager: Shutting down and abandoning module Paper2D (202)
[2017.06.02-08.28.03:584][714]LogModuleManager: Shutting down and abandoning module WindowsMoviePlayer (200)
[2017.06.02-08.28.03:584][714]LogModuleManager: Shutting down and abandoning module WmfMedia (198)
[2017.06.02-08.28.03:585][714]LogModuleManager: Shutting down and abandoning module MfMedia (196)
[2017.06.02-08.28.03:585][714]LogModuleManager: Shutting down and abandoning module MediaAssets (194)
[2017.06.02-08.28.03:585][714]LogModuleManager: Shutting down and abandoning module GameLiveStreaming (192)
[2017.06.02-08.28.03:585][714]LogModuleManager: Shutting down and abandoning module VREditor (190)
[2017.06.02-08.28.03:585][714]LogModuleManager: Shutting down and abandoning module GameplayTasksEditor (188)
[2017.06.02-08.28.03:585][714]LogModuleManager: Shutting down and abandoning module BehaviorTreeEditor (186)
[2017.06.02-08.28.03:599][714]LogModuleManager: Shutting down and abandoning module FunctionalTesting (184)
[2017.06.02-08.28.03:599][714]LogModuleManager: Shutting down and abandoning module CollisionAnalyzer (182)
[2017.06.02-08.28.03:605][714]LogModuleManager: Shutting down and abandoning module UMG (180)
[2017.06.02-08.28.03:609][714]LogModuleManager: Shutting down and abandoning module UMGEditor (179)
[2017.06.02-08.28.03:609][714]LogModuleManager: Shutting down and abandoning module Sequencer (178)
[2017.06.02-08.28.03:616][714]LogModuleManager: Shutting down and abandoning module AssetTools (176)
[2017.06.02-08.28.03:635][714]LogModuleManager: Shutting down and abandoning module MessageLog (175)
[2017.06.02-08.28.03:635][714]LogModuleManager: Shutting down and abandoning module WorkspaceMenuStructure (174)
[2017.06.02-08.28.03:635][714]LogModuleManager: Shutting down and abandoning module SlateReflector (168)
[2017.06.02-08.28.03:646][714]LogModuleManager: Shutting down and abandoning module Slate (166)
[2017.06.02-08.28.03:646][714]LogModuleManager: Shutting down and abandoning module EditorStyle (164)
[2017.06.02-08.28.03:649][714]LogModuleManager: Shutting down and abandoning module SourceCodeAccess (162)
[2017.06.02-08.28.03:649][714]LogModuleManager: Shutting down and abandoning module HeadMountedDisplay (160)
[2017.06.02-08.28.03:649][714]LogModuleManager: Shutting down and abandoning module XAudio2 (158)
[2017.06.02-08.28.03:649][714]LogModuleManager: Shutting down and abandoning module Networking (156)
[2017.06.02-08.28.03:649][714]LogModuleManager: Shutting down and abandoning module Core (152)
[2017.06.02-08.28.03:649][714]LogModuleManager: Shutting down and abandoning module AssetRegistry (150)
[2017.06.02-08.28.03:808][714]LogDirectoryWatcher: A directory notification for '../../../Engine/Content/' was aborted.
[2017.06.02-08.28.03:808][714]LogDirectoryWatcher: A directory notification for '../../../../../../Users/400T6B/Desktop/Content/' was aborted.
[2017.06.02-08.28.03:808][714]LogDirectoryWatcher: A directory notification for '../../../Engine/Plugins/2D/Paper2D/Content/' was aborted.
[2017.06.02-08.28.03:808][714]LogModuleManager: Shutting down and abandoning module DirectoryWatcher (149)
[2017.06.02-08.28.03:809][714]LogModuleManager: Shutting down and abandoning module KismetCompiler (146)
[2017.06.02-08.28.03:809][714]LogModuleManager: Shutting down and abandoning module PhysXFormats (144)
[2017.06.02-08.28.03:809][714]LogModuleManager: Shutting down and abandoning module MeshUtilities (142)
[2017.06.02-08.28.03:809][714]LogModuleManager: Shutting down and abandoning module SimplygonSwarm (141)
[2017.06.02-08.28.03:809][714]LogModuleManager: Shutting down and abandoning module SimplygonMeshReduction (139)
[2017.06.02-08.28.03:809][714]LogModuleManager: Shutting down and abandoning module QuadricMeshReduction (137)
[2017.06.02-08.28.03:809][714]LogModuleManager: Shutting down and abandoning module PropertyEditor (135)
[2017.06.02-08.28.03:816][714]LogModuleManager: Shutting down and abandoning module DerivedDataCache (132)
[2017.06.02-08.28.03:887][714]LogDerivedDataCache: Shutdown
[2017.06.02-08.28.03:887][714]LogModuleManager: Shutting down and abandoning module TargetPlatform (130)
[2017.06.02-08.28.03:887][714]LogModuleManager: Shutting down and abandoning module VulkanShaderFormat (129)
[2017.06.02-08.28.03:887][714]LogModuleManager: Shutting down and abandoning module ShaderFormatOpenGL (127)
[2017.06.02-08.28.03:892][714]LogModuleManager: Shutting down and abandoning module ShaderFormatD3D (125)
[2017.06.02-08.28.03:892][714]LogModuleManager: Shutting down and abandoning module MetalShaderFormat (123)
[2017.06.02-08.28.03:911][714]LogModuleManager: Shutting down and abandoning module TextureFormatUncompressed (121)
[2017.06.02-08.28.03:911][714]LogModuleManager: Shutting down and abandoning module TextureFormatPVR (119)
[2017.06.02-08.28.03:911][714]LogModuleManager: Shutting down and abandoning module TextureFormatDXT (117)
[2017.06.02-08.28.03:911][714]LogModuleManager: Shutting down and abandoning module TextureFormatIntelISPCTexComp (115)
[2017.06.02-08.28.03:911][714]LogModuleManager: Shutting down and abandoning module TextureFormatASTC (113)
[2017.06.02-08.28.03:911][714]LogModuleManager: Shutting down and abandoning module ImageWrapper (112)
[2017.06.02-08.28.03:911][714]LogModuleManager: Shutting down and abandoning module TextureFormatAndroid (109)
[2017.06.02-08.28.03:911][714]LogModuleManager: Shutting down and abandoning module AudioFormatOpus (107)
[2017.06.02-08.28.03:911][714]LogModuleManager: Shutting down and abandoning module AudioFormatOgg (105)
[2017.06.02-08.28.03:911][714]LogModuleManager: Shutting down and abandoning module AudioFormatADPCM (103)
[2017.06.02-08.28.03:911][714]LogModuleManager: Shutting down and abandoning module LinuxTargetPlatform (101)
[2017.06.02-08.28.03:911][714]LogModuleManager: Shutting down and abandoning module LinuxServerTargetPlatform (99)
[2017.06.02-08.28.03:911][714]LogModuleManager: Shutting down and abandoning module LinuxNoEditorTargetPlatform (97)
[2017.06.02-08.28.03:911][714]LogModuleManager: Shutting down and abandoning module LinuxClientTargetPlatform (95)
[2017.06.02-08.28.03:911][714]LogModuleManager: Shutting down and abandoning module TVOSTargetPlatform (93)
[2017.06.02-08.28.03:911][714]LogModuleManager: Shutting down and abandoning module Messaging (91)
[2017.06.02-08.28.03:911][714]LogModuleManager: Shutting down and abandoning module IOSTargetPlatform (89)
[2017.06.02-08.28.03:911][714]LogModuleManager: Shutting down and abandoning module HTML5TargetPlatform (87)
[2017.06.02-08.28.03:911][714]LogModuleManager: Shutting down and abandoning module Android_PVRTCTargetPlatform (85)
[2017.06.02-08.28.03:911][714]LogModuleManager: Shutting down and abandoning module Android_MultiTargetPlatform (83)
[2017.06.02-08.28.03:911][714]LogModuleManager: Shutting down and abandoning module Android_ETC2TargetPlatform (81)
[2017.06.02-08.28.03:911][714]LogModuleManager: Shutting down and abandoning module Android_ETC1TargetPlatform (79)
[2017.06.02-08.28.03:911][714]LogModuleManager: Shutting down and abandoning module Android_DXTTargetPlatform (77)
[2017.06.02-08.28.03:911][714]LogModuleManager: Shutting down and abandoning module Android_ATCTargetPlatform (75)
[2017.06.02-08.28.03:911][714]LogModuleManager: Shutting down and abandoning module Android_ASTCTargetPlatform (73)
[2017.06.02-08.28.03:911][714]LogModuleManager: Shutting down and abandoning module AndroidTargetPlatform (71)
[2017.06.02-08.28.03:911][714]LogModuleManager: Shutting down and abandoning module WindowsTargetPlatform (69)
[2017.06.02-08.28.03:911][714]LogModuleManager: Shutting down and abandoning module WindowsServerTargetPlatform (67)
[2017.06.02-08.28.03:911][714]LogModuleManager: Shutting down and abandoning module WindowsNoEditorTargetPlatform (65)
[2017.06.02-08.28.03:911][714]LogModuleManager: Shutting down and abandoning module WindowsClientTargetPlatform (63)
[2017.06.02-08.28.03:911][714]LogModuleManager: Shutting down and abandoning module MacTargetPlatform (61)
[2017.06.02-08.28.03:911][714]LogModuleManager: Shutting down and abandoning module MacServerTargetPlatform (59)
[2017.06.02-08.28.03:911][714]LogModuleManager: Shutting down and abandoning module MacNoEditorTargetPlatform (57)
[2017.06.02-08.28.03:911][714]LogModuleManager: Shutting down and abandoning module MacClientTargetPlatform (55)
[2017.06.02-08.28.03:911][714]LogModuleManager: Shutting down and abandoning module AllDesktopTargetPlatform (53)
[2017.06.02-08.28.03:911][714]LogModuleManager: Shutting down and abandoning module InputCore (50)
[2017.06.02-08.28.03:911][714]LogModuleManager: Shutting down and abandoning module Settings (48)
[2017.06.02-08.28.03:911][714]LogModuleManager: Shutting down and abandoning module OculusRift (46)
[2017.06.02-08.28.03:911][714]LogModuleManager: Shutting down and abandoning module ExampleDeviceProfileSelector (44)
[2017.06.02-08.28.03:911][714]LogModuleManager: Shutting down and abandoning module OnlineBlueprintSupport (42)
[2017.06.02-08.28.03:911][714]LogModuleManager: Shutting down and abandoning module OnlineSubsystem (38)
[2017.06.02-08.28.03:911][714]LogOnline:Display: Unloading online subsystem: NULL
[2017.06.02-08.28.03:927][714]LogModuleManager: Shutting down and abandoning module XMPP (37)
[2017.06.02-08.28.03:936][714]LogModuleManager: Shutting down and abandoning module HTTP (35)
[2017.06.02-08.28.03:936][714]LogHttp:Display: Http module shutting down, but needs to wait on 1 outstanding Http requests:
[2017.06.02-08.28.03:936][714]LogHttp:Display: 	verb=[POST] url=[https://datarouter.ol.epicgames.com/datarouter/api/v1/public/data?SessionID=%7B31397756-4E38-A584-34B4-D686ECEEA514%7D&AppID=UEEditor.Rocket.Release&AppVersion=4.15.0-3299760%2B%2B%2BUE4%2BRelease-4.15&UserID=dc7ce7da477f705d16c90a90f68f6f9c%7C24f22f93b35348e0ba5fb15a7ce2edd8%7C452d1209-eda9-4848-8318-0f71ea1393d9&AppEnvironment=datacollector-binary&UploadType=eteventstream] status=Processing
[2017.06.02-08.28.03:945][714]LogModuleManager: Shutting down and abandoning module SSL (34)
[2017.06.02-08.28.03:947][714]LogModuleManager: Shutting down and abandoning module AudioEditor (30)
[2017.06.02-08.28.03:947][714]LogModuleManager: Shutting down and abandoning module TextureCompressor (28)
[2017.06.02-08.28.03:947][714]LogModuleManager: Shutting down and abandoning module ShaderCore (26)
[2017.06.02-08.28.03:947][714]LogModuleManager: Shutting down and abandoning module Landscape (24)
[2017.06.02-08.28.03:947][714]LogModuleManager: Shutting down and abandoning module SlateRHIRenderer (22)
[2017.06.02-08.28.03:959][714]LogModuleManager: Shutting down and abandoning module OpenGLDrv (20)
[2017.06.02-08.28.03:969][714]LogModuleManager: Shutting down and abandoning module D3D11RHI (18)
[2017.06.02-08.28.03:969][714]LogModuleManager: Shutting down and abandoning module AnimGraphRuntime (16)
[2017.06.02-08.28.03:978][714]LogModuleManager: Shutting down and abandoning module Renderer (14)
[2017.06.02-08.28.03:978][714]LogModuleManager: Shutting down and abandoning module Engine (12)
[2017.06.02-08.28.03:978][714]LogModuleManager: Shutting down and abandoning module CoreUObject (10)
[2017.06.02-08.28.03:978][714]LogModuleManager: Shutting down and abandoning module NetworkFile (8)
[2017.06.02-08.28.03:978][714]LogModuleManager: Shutting down and abandoning module StreamingFile (6)
[2017.06.02-08.28.03:978][714]LogModuleManager: Shutting down and abandoning module SandboxFile (4)
[2017.06.02-08.28.03:978][714]LogModuleManager: Shutting down and abandoning module PakFile (2)
[2017.06.02-08.28.03:988][714]LogExit: Exiting.
[2017.06.02-08.28.04:003][714]Log file closed, 06/02/17 17:28:04
